{
  "final_status": "FAILURE",
  "duration": 6.683,
  "stats": {
    "state": "failure",
    "elapsed_time": 5.651,
    "time_limit": 60.0,
    "prefab_total": {
      "freight_truck": 1,
      "coach_bus": 1,
      "wheeled_car": 3
    },
    "prefab_delivered": {},
    "failed_vehicles_count": 2,
    "is_victory": false,
    "is_failure": true,
    "is_running": false,
    "final_cost": 0.0,
    "original_cost": 0.0,
    "cost_doubled": false,
    "bridge_breakages": 0,
    "failure_reason": "车辆wheeled_car损坏"
  },
  "events": [
    {
      "type": "SESSION_START",
      "data": {
        "prefab_vehicles_total": {
          "freight_truck": 1,
          "coach_bus": 1,
          "wheeled_car": 3
        },
        "time": 0.0
      }
    },
    {
      "type": "VEHICLE_FAILED",
      "data": {
        "vehicle_type": "coach_bus",
        "reason": "vehicle_destroyed",
        "time": 5.65
      }
    },
    {
      "type": "GAME_FAILURE",
      "data": {
        "reason": "车辆丢失或损坏",
        "time": 5.651
      }
    },
    {
      "type": "VEHICLE_FAILED",
      "data": {
        "vehicle_type": "wheeled_car",
        "reason": "vehicle_destroyed",
        "time": 5.651
      }
    },
    {
      "type": "GAME_FAILURE",
      "data": {
        "reason": "车辆丢失或损坏",
        "time": 5.651
      }
    },
    {
      "type": "SESSION_END",
      "data": {
        "final_status": "FAILURE",
        "session_duration": 6.683,
        "stats": {
          "state": "failure",
          "elapsed_time": 5.651,
          "time_limit": 60.0,
          "prefab_total": {
            "freight_truck": 1,
            "coach_bus": 1,
            "wheeled_car": 3
          },
          "prefab_delivered": {},
          "failed_vehicles_count": 2,
          "is_victory": false,
          "is_failure": true,
          "is_running": false,
          "final_cost": 0.0,
          "original_cost": 0.0,
          "cost_doubled": false,
          "bridge_breakages": 0,
          "failure_reason": "车辆wheeled_car损坏"
        },
        "total_events": 5,
        "time": 6.683
      }
    }
  ],
  "vehicle_positions": [
    {
      "time": 0.217,
      "vehicles": [
        {
          "type": "freight_truck",
          "x": -1759.984,
          "y": 68.484,
          "angle": -0.0,
          "speed": 1.065,
          "is_prefab": true
        },
        {
          "type": "coach_bus",
          "x": -1479.906,
          "y": 76.408,
          "angle": -0.0,
          "speed": 1.201,
          "is_prefab": true
        },
        {
          "type": "wheeled_car",
          "x": -1799.906,
          "y": -227.997,
          "angle": 0.001,
          "speed": 0.006,
          "is_prefab": true
        },
        {
          "type": "wheeled_car",
          "x": -1639.906,
          "y": -227.997,
          "angle": 0.001,
          "speed": 0.006,
          "is_prefab": true
        },
        {
          "type": "wheeled_car",
          "x": -1464.644,
          "y": -227.997,
          "angle": 0.001,
          "speed": 1.179,
          "is_prefab": true
        }
      ]
    },
    {
      "time": 0.417,
      "vehicles": [
        {
          "type": "freight_truck",
          "x": -1756.032,
          "y": 68.135,
          "angle": -0.0,
          "speed": 0.379,
          "is_prefab": true
        },
        {
          "type": "coach_bus",
          "x": -1451.885,
          "y": 76.004,
          "angle": 0.0,
          "speed": 0.935,
          "is_prefab": true
        },
        {
          "type": "wheeled_car",
          "x": -1799.84,
          "y": -227.993,
          "angle": 0.001,
          "speed": 0.001,
          "is_prefab": true
        },
        {
          "type": "wheeled_car",
          "x": -1639.376,
          "y": -227.993,
          "angle": 0.001,
          "speed": 0.282,
          "is_prefab": true
        },
        {
          "type": "wheeled_car",
          "x": -1405.672,
          "y": -227.993,
          "angle": 0.001,
          "speed": 1.234,
          "is_prefab": true
        }
      ]
    },
    {
      "time": 0.617,
      "vehicles": [
        {
          "type": "freight_truck",
          "x": -1739.833,
          "y": 68.005,
          "angle": 0.0,
          "speed": 0.389,
          "is_prefab": true
        },
        {
          "type": "coach_bus",
          "x": -1406.865,
          "y": 76.004,
          "angle": 0.0,
          "speed": 0.938,
          "is_prefab": true
        },
        {
          "type": "wheeled_car",
          "x": -1799.772,
          "y": -228.0,
          "angle": 0.001,
          "speed": 0.002,
          "is_prefab": true
        },
        {
          "type": "wheeled_car",
          "x": -1612.038,
          "y": -228.0,
          "angle": 0.001,
          "speed": 0.656,
          "is_prefab": true
        },
        {
          "type": "wheeled_car",
          "x": -1346.292,
          "y": -227.887,
          "angle": 0.003,
          "speed": 1.254,
          "is_prefab": true
        }
      ]
    },
    {
      "time": 0.817,
      "vehicles": [
        {
          "type": "freight_truck",
          "x": -1711.077,
          "y": 68.005,
          "angle": 0.0,
          "speed": 0.733,
          "is_prefab": true
        },
        {
          "type": "coach_bus",
          "x": -1361.885,
          "y": 75.978,
          "angle": -0.0,
          "speed": 0.939,
          "is_prefab": true
        },
        {
          "type": "wheeled_car",
          "x": -1799.622,
          "y": -227.998,
          "angle": 0.001,
          "speed": 0.155,
          "is_prefab": true
        },
        {
          "type": "wheeled_car",
          "x": -1568.262,
          "y": -227.998,
          "angle": 0.001,
          "speed": 1.234,
          "is_prefab": true
        },
        {
          "type": "wheeled_car",
          "x": -1283.276,
          "y": -220.161,
          "angle": 0.23,
          "speed": 1.39,
          "is_prefab": true
        }
      ]
    },
    {
      "time": 1.017,
      "vehicles": [
        {
          "type": "freight_truck",
          "x": -1675.812,
          "y": 68.004,
          "angle": 0.0,
          "speed": 0.735,
          "is_prefab": true
        },
        {
          "type": "coach_bus",
          "x": -1316.697,
          "y": 76.021,
          "angle": 0.001,
          "speed": 0.943,
          "is_prefab": true
        },
        {
          "type": "wheeled_car",
          "x": -1773.286,
          "y": -227.997,
          "angle": 0.001,
          "speed": 0.648,
          "is_prefab": true
        },
        {
          "type": "wheeled_car",
          "x": -1509.008,
          "y": -227.997,
          "angle": 0.001,
          "speed": 1.234,
          "is_prefab": true
        },
        {
          "type": "wheeled_car",
          "x": -1218.533,
          "y": -172.084,
          "angle": 0.532,
          "speed": 2.125,
          "is_prefab": true
        }
      ]
    },
    {
      "time": 1.217,
      "vehicles": [
        {
          "type": "freight_truck",
          "x": -1640.464,
          "y": 68.004,
          "angle": 0.0,
          "speed": 0.737,
          "is_prefab": true
        },
        {
          "type": "coach_bus",
          "x": -1271.371,
          "y": 76.187,
          "angle": 0.003,
          "speed": 0.946,
          "is_prefab": true
        },
        {
          "type": "wheeled_car",
          "x": -1731.746,
          "y": -228.0,
          "angle": 0.001,
          "speed": 1.228,
          "is_prefab": true
        },
        {
          "type": "wheeled_car",
          "x": -1449.659,
          "y": -228.0,
          "angle": 0.001,
          "speed": 1.239,
          "is_prefab": true
        },
        {
          "type": "wheeled_car",
          "x": -1153.79,
          "y": -61.223,
          "angle": 0.719,
          "speed": 3.244,
          "is_prefab": true
        }
      ]
    },
    {
      "time": 1.417,
      "vehicles": [
        {
          "type": "freight_truck",
          "x": -1604.317,
          "y": 68.001,
          "angle": 0.0,
          "speed": 0.74,
          "is_prefab": true
        },
        {
          "type": "coach_bus",
          "x": -1251.038,
          "y": 76.76,
          "angle": 0.01,
          "speed": 0.091,
          "is_prefab": true
        },
        {
          "type": "wheeled_car",
          "x": -1671.295,
          "y": -227.997,
          "angle": 0.001,
          "speed": 1.234,
          "is_prefab": true
        },
        {
          "type": "wheeled_car",
          "x": -1389.006,
          "y": -227.997,
          "angle": 0.001,
          "speed": 1.237,
          "is_prefab": true
        },
        {
          "type": "wheeled_car",
          "x": -1095.233,
          "y": 83.21,
          "angle": 0.738,
          "speed": 0.611,
          "is_prefab": true
        }
      ]
    },
    {
      "time": 1.617,
      "vehicles": [
        {
          "type": "freight_truck",
          "x": -1576.931,
          "y": 68.001,
          "angle": 0.0,
          "speed": 0.396,
          "is_prefab": true
        },
        {
          "type": "coach_bus",
          "x": -1250.898,
          "y": 76.772,
          "angle": 0.012,
          "speed": 0.029,
          "is_prefab": true
        },
        {
          "type": "wheeled_car",
          "x": -1611.945,
          "y": -227.994,
          "angle": 0.001,
          "speed": 1.236,
          "is_prefab": true
        },
        {
          "type": "wheeled_car",
          "x": -1328.889,
          "y": -226.907,
          "angle": 0.033,
          "speed": 1.307,
          "is_prefab": true
        },
        {
          "type": "wheeled_car",
          "x": -1060.173,
          "y": 92.344,
          "angle": 0.084,
          "speed": 1.042,
          "is_prefab": true
        }
      ]
    },
    {
      "time": 1.817,
      "vehicles": [
        {
          "type": "freight_truck",
          "x": -1558.967,
          "y": 68.0,
          "angle": 0.0,
          "speed": 0.357,
          "is_prefab": true
        },
        {
          "type": "coach_bus",
          "x": -1250.913,
          "y": 76.692,
          "angle": 0.01,
          "speed": 0.006,
          "is_prefab": true
        },
        {
          "type": "wheeled_car",
          "x": -1552.522,
          "y": -228.001,
          "angle": 0.001,
          "speed": 1.24,
          "is_prefab": true
        },
        {
          "type": "wheeled_car",
          "x": -1264.677,
          "y": -212.731,
          "angle": 0.34,
          "speed": 1.524,
          "is_prefab": true
        },
        {
          "type": "wheeled_car",
          "x": -1010.41,
          "y": 90.04,
          "angle": -0.158,
          "speed": 1.257,
          "is_prefab": true
        }
      ]
    },
    {
      "time": 2.017,
      "vehicles": [
        {
          "type": "freight_truck",
          "x": -1542.677,
          "y": 68.0,
          "angle": 0.0,
          "speed": 0.333,
          "is_prefab": true
        },
        {
          "type": "coach_bus",
          "x": -1244.217,
          "y": 76.731,
          "angle": 0.01,
          "speed": 0.422,
          "is_prefab": true
        },
        {
          "type": "wheeled_car",
          "x": -1493.017,
          "y": -227.998,
          "angle": 0.001,
          "speed": 1.243,
          "is_prefab": true
        },
        {
          "type": "wheeled_car",
          "x": -1199.708,
          "y": -147.089,
          "angle": 0.612,
          "speed": 2.422,
          "is_prefab": true
        },
        {
          "type": "wheeled_car",
          "x": -947.13,
          "y": 96.029,
          "angle": 0.033,
          "speed": 1.21,
          "is_prefab": true
        }
      ]
    },
    {
      "time": 2.217,
      "vehicles": [
        {
          "type": "freight_truck",
          "x": -1526.442,
          "y": 68.0,
          "angle": 0.0,
          "speed": 0.351,
          "is_prefab": true
        },
        {
          "type": "coach_bus",
          "x": -1218.7,
          "y": 76.92,
          "angle": 0.009,
          "speed": 0.874,
          "is_prefab": true
        },
        {
          "type": "wheeled_car",
          "x": -1433.435,
          "y": -227.994,
          "angle": 0.001,
          "speed": 1.241,
          "is_prefab": true
        },
        {
          "type": "wheeled_car",
          "x": -1134.74,
          "y": -18.663,
          "angle": 0.779,
          "speed": 3.582,
          "is_prefab": true
        },
        {
          "type": "wheeled_car",
          "x": -888.717,
          "y": 98.107,
          "angle": 0.014,
          "speed": 1.237,
          "is_prefab": true
        }
      ]
    },
    {
      "time": 2.417,
      "vehicles": [
        {
          "type": "freight_truck",
          "x": -1508.268,
          "y": 68.006,
          "angle": 0.0,
          "speed": 0.41,
          "is_prefab": true
        },
        {
          "type": "coach_bus",
          "x": -1172.958,
          "y": 78.952,
          "angle": 0.084,
          "speed": 0.881,
          "is_prefab": true
        },
        {
          "type": "wheeled_car",
          "x": -1373.785,
          "y": -228.001,
          "angle": 0.001,
          "speed": 1.245,
          "is_prefab": true
        },
        {
          "type": "wheeled_car",
          "x": -1081.061,
          "y": 45.651,
          "angle": 0.951,
          "speed": 0.905,
          "is_prefab": true
        },
        {
          "type": "wheeled_car",
          "x": -830.252,
          "y": 98.763,
          "angle": -0.006,
          "speed": 1.229,
          "is_prefab": true
        }
      ]
    },
    {
      "time": 2.617,
      "vehicles": [
        {
          "type": "freight_truck",
          "x": -1477.46,
          "y": 68.003,
          "angle": 0.0,
          "speed": 0.749,
          "is_prefab": true
        },
        {
          "type": "coach_bus",
          "x": -1128.255,
          "y": 80.039,
          "angle": 0.02,
          "speed": 0.903,
          "is_prefab": true
        },
        {
          "type": "wheeled_car",
          "x": -1312.591,
          "y": -225.3,
          "angle": 0.082,
          "speed": 1.344,
          "is_prefab": true
        },
        {
          "type": "wheeled_car",
          "x": -1052.472,
          "y": 44.377,
          "angle": 0.919,
          "speed": 0.932,
          "is_prefab": true
        },
        {
          "type": "wheeled_car",
          "x": -772.103,
          "y": 97.787,
          "angle": 0.002,
          "speed": 1.144,
          "is_prefab": true
        }
      ]
    },
    {
      "time": 2.817,
      "vehicles": [
        {
          "type": "freight_truck",
          "x": -1441.519,
          "y": 68.002,
          "angle": 0.0,
          "speed": 0.751,
          "is_prefab": true
        },
        {
          "type": "coach_bus",
          "x": -1084.511,
          "y": 80.405,
          "angle": 0.018,
          "speed": 0.92,
          "is_prefab": true
        },
        {
          "type": "wheeled_car",
          "x": -1247.734,
          "y": -201.837,
          "angle": 0.41,
          "speed": 1.713,
          "is_prefab": true
        },
        {
          "type": "wheeled_car",
          "x": -1008.217,
          "y": 44.369,
          "angle": 0.932,
          "speed": 0.93,
          "is_prefab": true
        },
        {
          "type": "wheeled_car",
          "x": -720.875,
          "y": 100.589,
          "angle": -0.034,
          "speed": 1.143,
          "is_prefab": true
        }
      ]
    },
    {
      "time": 3.017,
      "vehicles": [
        {
          "type": "freight_truck",
          "x": -1405.511,
          "y": 68.001,
          "angle": 0.0,
          "speed": 0.753,
          "is_prefab": true
        },
        {
          "type": "coach_bus",
          "x": -1040.148,
          "y": 81.058,
          "angle": 0.02,
          "speed": 0.924,
          "is_prefab": true
        },
        {
          "type": "wheeled_car",
          "x": -1182.588,
          "y": -119.607,
          "angle": 0.643,
          "speed": 2.717,
          "is_prefab": true
        },
        {
          "type": "wheeled_car",
          "x": -963.212,
          "y": 45.116,
          "angle": 0.949,
          "speed": 0.938,
          "is_prefab": true
        },
        {
          "type": "wheeled_car",
          "x": -662.475,
          "y": 99.502,
          "angle": -0.035,
          "speed": 1.246,
          "is_prefab": true
        }
      ]
    },
    {
      "time": 3.217,
      "vehicles": [
        {
          "type": "freight_truck",
          "x": -1374.888,
          "y": 68.231,
          "angle": 0.003,
          "speed": 0.01,
          "is_prefab": true
        },
        {
          "type": "coach_bus",
          "x": -995.718,
          "y": 82.332,
          "angle": 0.024,
          "speed": 0.927,
          "is_prefab": true
        },
        {
          "type": "wheeled_car",
          "x": -1117.443,
          "y": 25.407,
          "angle": 0.786,
          "speed": 3.905,
          "is_prefab": true
        },
        {
          "type": "wheeled_car",
          "x": -917.974,
          "y": 46.614,
          "angle": 0.97,
          "speed": 0.939,
          "is_prefab": true
        },
        {
          "type": "wheeled_car",
          "x": -602.757,
          "y": 97.841,
          "angle": -0.037,
          "speed": 1.247,
          "is_prefab": true
        }
      ]
    },
    {
      "time": 3.417,
      "vehicles": [
        {
          "type": "freight_truck",
          "x": -1374.747,
          "y": 68.431,
          "angle": 0.005,
          "speed": 0.132,
          "is_prefab": true
        },
        {
          "type": "coach_bus",
          "x": -951.899,
          "y": 83.992,
          "angle": -0.001,
          "speed": 0.864,
          "is_prefab": true
        },
        {
          "type": "wheeled_car",
          "x": -1105.89,
          "y": 87.343,
          "angle": 0.436,
          "speed": 0.456,
          "is_prefab": true
        },
        {
          "type": "wheeled_car",
          "x": -874.692,
          "y": 46.179,
          "angle": 0.955,
          "speed": 0.882,
          "is_prefab": true
        },
        {
          "type": "wheeled_car",
          "x": -541.492,
          "y": 95.809,
          "angle": -0.027,
          "speed": 1.198,
          "is_prefab": true
        }
      ]
    },
    {
      "time": 3.617,
      "vehicles": [
        {
          "type": "freight_truck",
          "x": -1374.896,
          "y": 68.217,
          "angle": 0.0,
          "speed": 0.138,
          "is_prefab": true
        },
        {
          "type": "coach_bus",
          "x": -907.608,
          "y": 86.535,
          "angle": 0.04,
          "speed": 0.9,
          "is_prefab": true
        },
        {
          "type": "wheeled_car",
          "x": -1118.092,
          "y": 92.099,
          "angle": -0.083,
          "speed": 0.142,
          "is_prefab": true
        },
        {
          "type": "wheeled_car",
          "x": -828.579,
          "y": 51.695,
          "angle": 1.007,
          "speed": 0.942,
          "is_prefab": true
        },
        {
          "type": "wheeled_car",
          "x": -484.025,
          "y": 94.764,
          "angle": -0.025,
          "speed": 1.243,
          "is_prefab": true
        }
      ]
    },
    {
      "time": 3.817,
      "vehicles": [
        {
          "type": "freight_truck",
          "x": -1374.815,
          "y": 68.04,
          "angle": 0.001,
          "speed": 0.007,
          "is_prefab": true
        },
        {
          "type": "coach_bus",
          "x": -863.934,
          "y": 89.969,
          "angle": 0.062,
          "speed": 0.919,
          "is_prefab": true
        },
        {
          "type": "wheeled_car",
          "x": -1103.554,
          "y": 90.874,
          "angle": -0.056,
          "speed": 0.68,
          "is_prefab": true
        },
        {
          "type": "wheeled_car",
          "x": -783.797,
          "y": 56.003,
          "angle": 1.041,
          "speed": 0.925,
          "is_prefab": true
        },
        {
          "type": "wheeled_car",
          "x": -424.329,
          "y": 93.357,
          "angle": -0.024,
          "speed": 1.259,
          "is_prefab": true
        }
      ]
    },
    {
      "time": 4.017,
      "vehicles": [
        {
          "type": "freight_truck",
          "x": -1369.825,
          "y": 67.961,
          "angle": -0.0,
          "speed": 0.305,
          "is_prefab": true
        },
        {
          "type": "coach_bus",
          "x": -821.314,
          "y": 94.497,
          "angle": 0.068,
          "speed": 0.865,
          "is_prefab": true
        },
        {
          "type": "wheeled_car",
          "x": -1073.385,
          "y": 92.712,
          "angle": 0.039,
          "speed": 0.577,
          "is_prefab": true
        },
        {
          "type": "wheeled_car",
          "x": -740.757,
          "y": 60.831,
          "angle": 1.052,
          "speed": 0.829,
          "is_prefab": true
        },
        {
          "type": "wheeled_car",
          "x": -364.209,
          "y": 93.064,
          "angle": 0.0,
          "speed": 1.257,
          "is_prefab": true
        }
      ]
    },
    {
      "time": 4.217,
      "vehicles": [
        {
          "type": "freight_truck",
          "x": -1354.018,
          "y": 68.013,
          "angle": 0.0,
          "speed": 0.349,
          "is_prefab": true
        },
        {
          "type": "coach_bus",
          "x": -780.281,
          "y": 92.231,
          "angle": 0.017,
          "speed": 0.893,
          "is_prefab": true
        },
        {
          "type": "wheeled_car",
          "x": -1042.703,
          "y": 94.377,
          "angle": 0.07,
          "speed": 0.666,
          "is_prefab": true
        },
        {
          "type": "wheeled_car",
          "x": -701.53,
          "y": 54.681,
          "angle": 1.002,
          "speed": 0.849,
          "is_prefab": true
        },
        {
          "type": "wheeled_car",
          "x": -303.9,
          "y": 92.992,
          "angle": 0.001,
          "speed": 1.256,
          "is_prefab": true
        }
      ]
    },
    {
      "time": 4.417,
      "vehicles": [
        {
          "type": "freight_truck",
          "x": -1336.495,
          "y": 68.04,
          "angle": 0.001,
          "speed": 0.381,
          "is_prefab": true
        },
        {
          "type": "coach_bus",
          "x": -737.293,
          "y": 92.148,
          "angle": -0.028,
          "speed": 0.9,
          "is_prefab": true
        },
        {
          "type": "wheeled_car",
          "x": -1010.322,
          "y": 96.739,
          "angle": 0.066,
          "speed": 0.703,
          "is_prefab": true
        },
        {
          "type": "wheeled_car",
          "x": -660.511,
          "y": 51.35,
          "angle": 0.951,
          "speed": 0.874,
          "is_prefab": true
        },
        {
          "type": "wheeled_car",
          "x": -243.529,
          "y": 92.998,
          "angle": 0.001,
          "speed": 1.257,
          "is_prefab": true
        }
      ]
    },
    {
      "time": 4.617,
      "vehicles": [
        {
          "type": "freight_truck",
          "x": -1314.404,
          "y": 68.111,
          "angle": 0.002,
          "speed": 0.719,
          "is_prefab": true
        },
        {
          "type": "coach_bus",
          "x": -693.916,
          "y": 91.366,
          "angle": -0.065,
          "speed": 0.893,
          "is_prefab": true
        },
        {
          "type": "wheeled_car",
          "x": -971.507,
          "y": 99.128,
          "angle": 0.062,
          "speed": 0.905,
          "is_prefab": true
        },
        {
          "type": "wheeled_car",
          "x": -618.676,
          "y": 47.67,
          "angle": 0.915,
          "speed": 0.876,
          "is_prefab": true
        },
        {
          "type": "wheeled_car",
          "x": -183.093,
          "y": 93.079,
          "angle": 0.002,
          "speed": 1.259,
          "is_prefab": true
        }
      ]
    },
    {
      "time": 4.817,
      "vehicles": [
        {
          "type": "freight_truck",
          "x": -1279.061,
          "y": 68.416,
          "angle": 0.005,
          "speed": 0.743,
          "is_prefab": true
        },
        {
          "type": "coach_bus",
          "x": -649.583,
          "y": 86.809,
          "angle": -0.054,
          "speed": 0.959,
          "is_prefab": true
        },
        {
          "type": "wheeled_car",
          "x": -926.826,
          "y": 100.779,
          "angle": 0.051,
          "speed": 0.934,
          "is_prefab": true
        },
        {
          "type": "wheeled_car",
          "x": -573.723,
          "y": 43.949,
          "angle": 0.93,
          "speed": 1.0,
          "is_prefab": true
        },
        {
          "type": "wheeled_car",
          "x": -122.596,
          "y": 93.243,
          "angle": 0.003,
          "speed": 1.262,
          "is_prefab": true
        }
      ]
    },
    {
      "time": 5.017,
      "vehicles": [
        {
          "type": "freight_truck",
          "x": -1243.357,
          "y": 69.153,
          "angle": 0.014,
          "speed": 0.75,
          "is_prefab": true
        },
        {
          "type": "coach_bus",
          "x": -604.44,
          "y": 83.378,
          "angle": -0.035,
          "speed": 0.943,
          "is_prefab": true
        },
        {
          "type": "wheeled_car",
          "x": -881.609,
          "y": 101.155,
          "angle": 0.032,
          "speed": 0.97,
          "is_prefab": true
        },
        {
          "type": "wheeled_car",
          "x": -527.849,
          "y": 41.861,
          "angle": 0.948,
          "speed": 0.939,
          "is_prefab": true
        },
        {
          "type": "wheeled_car",
          "x": -62.112,
          "y": 93.301,
          "angle": 0.0,
          "speed": 1.262,
          "is_prefab": true
        }
      ]
    },
    {
      "time": 5.217,
      "vehicles": [
        {
          "type": "freight_truck",
          "x": -1207.828,
          "y": 70.619,
          "angle": 0.023,
          "speed": 0.727,
          "is_prefab": true
        },
        {
          "type": "coach_bus",
          "x": -559.178,
          "y": 80.949,
          "angle": -0.021,
          "speed": 0.949,
          "is_prefab": true
        },
        {
          "type": "wheeled_car",
          "x": -836.277,
          "y": 99.852,
          "angle": 0.012,
          "speed": 0.888,
          "is_prefab": true
        },
        {
          "type": "wheeled_car",
          "x": -482.061,
          "y": 40.49,
          "angle": 0.96,
          "speed": 0.95,
          "is_prefab": true
        },
        {
          "type": "wheeled_car",
          "x": -1.551,
          "y": 93.191,
          "angle": -0.0,
          "speed": 1.264,
          "is_prefab": true
        }
      ]
    },
    {
      "time": 5.417,
      "vehicles": [
        {
          "type": "freight_truck",
          "x": -1172.631,
          "y": 72.863,
          "angle": 0.034,
          "speed": 0.742,
          "is_prefab": true
        },
        {
          "type": "coach_bus",
          "x": -513.967,
          "y": 79.42,
          "angle": -0.013,
          "speed": 0.935,
          "is_prefab": true
        },
        {
          "type": "wheeled_car",
          "x": -791.305,
          "y": 97.553,
          "angle": -0.005,
          "speed": 0.948,
          "is_prefab": true
        },
        {
          "type": "wheeled_car",
          "x": -436.533,
          "y": 39.654,
          "angle": 0.968,
          "speed": 0.941,
          "is_prefab": true
        },
        {
          "type": "wheeled_car",
          "x": 59.1,
          "y": 93.113,
          "angle": 0.0,
          "speed": 1.263,
          "is_prefab": true
        }
      ]
    },
    {
      "time": 5.617,
      "vehicles": [
        {
          "type": "freight_truck",
          "x": -1137.74,
          "y": 75.687,
          "angle": 0.039,
          "speed": 0.736,
          "is_prefab": true
        },
        {
          "type": "coach_bus",
          "x": -468.578,
          "y": 78.844,
          "angle": -0.006,
          "speed": 0.954,
          "is_prefab": true
        },
        {
          "type": "wheeled_car",
          "x": -746.058,
          "y": 93.869,
          "angle": -0.002,
          "speed": 0.887,
          "is_prefab": true
        },
        {
          "type": "wheeled_car",
          "x": -390.896,
          "y": 39.608,
          "angle": 0.974,
          "speed": 0.966,
          "is_prefab": true
        },
        {
          "type": "wheeled_car",
          "x": 119.804,
          "y": 93.115,
          "angle": 0.001,
          "speed": 1.267,
          "is_prefab": true
        }
      ]
    },
    {
      "time": 5.817,
      "vehicles": [
        {
          "type": "freight_truck",
          "x": -1102.818,
          "y": 76.6,
          "angle": 0.024,
          "speed": 0.735,
          "is_prefab": true
        },
        {
          "type": "wheeled_car",
          "x": -689.415,
          "y": 93.659,
          "angle": 0.006,
          "speed": 1.151,
          "is_prefab": true
        },
        {
          "type": "wheeled_car",
          "x": 180.57,
          "y": 93.217,
          "angle": 0.002,
          "speed": 1.265,
          "is_prefab": true
        }
      ]
    },
    {
      "time": 6.017,
      "vehicles": [
        {
          "type": "freight_truck",
          "x": -1067.58,
          "y": 76.162,
          "angle": 0.012,
          "speed": 0.719,
          "is_prefab": true
        },
        {
          "type": "wheeled_car",
          "x": -636.311,
          "y": 96.53,
          "angle": -0.014,
          "speed": 1.212,
          "is_prefab": true
        },
        {
          "type": "wheeled_car",
          "x": 241.337,
          "y": 93.32,
          "angle": -0.0,
          "speed": 1.265,
          "is_prefab": true
        }
      ]
    },
    {
      "time": 6.217,
      "vehicles": [
        {
          "type": "freight_truck",
          "x": -1032.883,
          "y": 77.06,
          "angle": 0.004,
          "speed": 0.739,
          "is_prefab": true
        },
        {
          "type": "wheeled_car",
          "x": -576.696,
          "y": 96.185,
          "angle": -0.018,
          "speed": 1.256,
          "is_prefab": true
        },
        {
          "type": "wheeled_car",
          "x": 302.198,
          "y": 93.316,
          "angle": 0.001,
          "speed": 1.268,
          "is_prefab": true
        }
      ]
    },
    {
      "time": 6.417,
      "vehicles": [
        {
          "type": "freight_truck",
          "x": -997.189,
          "y": 77.928,
          "angle": -0.004,
          "speed": 0.747,
          "is_prefab": true
        },
        {
          "type": "wheeled_car",
          "x": -516.784,
          "y": 95.296,
          "angle": -0.023,
          "speed": 1.251,
          "is_prefab": true
        },
        {
          "type": "wheeled_car",
          "x": 363.111,
          "y": 93.313,
          "angle": 0.002,
          "speed": 1.269,
          "is_prefab": true
        }
      ]
    },
    {
      "time": 6.617,
      "vehicles": [
        {
          "type": "freight_truck",
          "x": -961.41,
          "y": 77.514,
          "angle": 0.005,
          "speed": 0.772,
          "is_prefab": true
        },
        {
          "type": "wheeled_car",
          "x": -456.571,
          "y": 94.011,
          "angle": -0.019,
          "speed": 1.258,
          "is_prefab": true
        },
        {
          "type": "wheeled_car",
          "x": 424.073,
          "y": 93.392,
          "angle": 0.003,
          "speed": 1.272,
          "is_prefab": true
        }
      ]
    }
  ]
}