{
  "final_status": "FAILURE",
  "duration": 21.827,
  "stats": {
    "state": "failure",
    "elapsed_time": 5.649,
    "time_limit": 60.0,
    "prefab_total": {
      "freight_truck": 1,
      "coach_bus": 1,
      "wheeled_car": 3
    },
    "prefab_delivered": {
      "wheeled_car": 2,
      "freight_truck": 1
    },
    "failed_vehicles_count": 2,
    "is_victory": false,
    "is_failure": true,
    "is_running": false,
    "final_cost": 7209.281,
    "original_cost": 7209.281,
    "cost_doubled": false,
    "bridge_breakages": 0,
    "failure_reason": "车辆wheeled_car损坏"
  },
  "events": [
    {
      "type": "SESSION_START",
      "data": {
        "prefab_vehicles_total": {
          "freight_truck": 1,
          "coach_bus": 1,
          "wheeled_car": 3
        },
        "time": 0.0
      }
    },
    {
      "type": "VEHICLE_FAILED",
      "data": {
        "vehicle_type": "coach_bus",
        "reason": "vehicle_destroyed",
        "time": 5.648
      }
    },
    {
      "type": "GAME_FAILURE",
      "data": {
        "reason": "车辆丢失或损坏",
        "time": 5.648
      }
    },
    {
      "type": "VEHICLE_FAILED",
      "data": {
        "vehicle_type": "wheeled_car",
        "reason": "vehicle_destroyed",
        "time": 5.648
      }
    },
    {
      "type": "GAME_FAILURE",
      "data": {
        "reason": "车辆丢失或损坏",
        "time": 5.649
      }
    },
    {
      "type": "VEHICLE_DELIVERED",
      "data": {
        "vehicle_type": "wheeled_car",
        "current_count": 1,
        "total_count": 3,
        "time": 11.056
      }
    },
    {
      "type": "VEHICLE_DELIVERED",
      "data": {
        "vehicle_type": "wheeled_car",
        "current_count": 2,
        "total_count": 3,
        "time": 13.95
      }
    },
    {
      "type": "VEHICLE_DELIVERED",
      "data": {
        "vehicle_type": "freight_truck",
        "current_count": 1,
        "total_count": 1,
        "time": 21.264
      }
    },
    {
      "type": "SESSION_END",
      "data": {
        "final_status": "FAILURE",
        "session_duration": 21.827,
        "stats": {
          "state": "failure",
          "elapsed_time": 5.649,
          "time_limit": 60.0,
          "prefab_total": {
            "freight_truck": 1,
            "coach_bus": 1,
            "wheeled_car": 3
          },
          "prefab_delivered": {
            "wheeled_car": 2,
            "freight_truck": 1
          },
          "failed_vehicles_count": 2,
          "is_victory": false,
          "is_failure": true,
          "is_running": false,
          "final_cost": 7209.281,
          "original_cost": 7209.281,
          "cost_doubled": false,
          "bridge_breakages": 0,
          "failure_reason": "车辆wheeled_car损坏"
        },
        "total_events": 8,
        "time": 21.827
      }
    }
  ],
  "vehicle_positions": [
    {
      "time": 0.2,
      "vehicles": [
        {
          "type": "freight_truck",
          "x": -1759.993,
          "y": 68.5,
          "angle": -0.0,
          "speed": 1.132,
          "is_prefab": true
        },
        {
          "type": "coach_bus",
          "x": -1480.0,
          "y": 72.046,
          "angle": 0.0,
          "speed": 1.308,
          "is_prefab": true
        },
        {
          "type": "wheeled_car",
          "x": -1799.909,
          "y": -228.0,
          "angle": 0.001,
          "speed": 0.002,
          "is_prefab": true
        },
        {
          "type": "wheeled_car",
          "x": -1639.909,
          "y": -228.0,
          "angle": 0.001,
          "speed": 0.002,
          "is_prefab": true
        },
        {
          "type": "wheeled_car",
          "x": -1469.212,
          "y": -228.0,
          "angle": 0.001,
          "speed": 1.113,
          "is_prefab": true
        }
      ]
    },
    {
      "time": 0.4,
      "vehicles": [
        {
          "type": "freight_truck",
          "x": -1757.103,
          "y": 68.164,
          "angle": -0.0,
          "speed": 0.421,
          "is_prefab": true
        },
        {
          "type": "coach_bus",
          "x": -1455.623,
          "y": 76.006,
          "angle": 0.0,
          "speed": 0.933,
          "is_prefab": true
        },
        {
          "type": "wheeled_car",
          "x": -1799.847,
          "y": -227.995,
          "angle": 0.001,
          "speed": 0.005,
          "is_prefab": true
        },
        {
          "type": "wheeled_car",
          "x": -1639.847,
          "y": -227.995,
          "angle": 0.001,
          "speed": 0.005,
          "is_prefab": true
        },
        {
          "type": "wheeled_car",
          "x": -1410.614,
          "y": -227.995,
          "angle": 0.001,
          "speed": 1.234,
          "is_prefab": true
        }
      ]
    },
    {
      "time": 0.6,
      "vehicles": [
        {
          "type": "freight_truck",
          "x": -1741.377,
          "y": 68.006,
          "angle": 0.0,
          "speed": 0.385,
          "is_prefab": true
        },
        {
          "type": "coach_bus",
          "x": -1410.619,
          "y": 76.006,
          "angle": 0.0,
          "speed": 0.938,
          "is_prefab": true
        },
        {
          "type": "wheeled_car",
          "x": -1799.777,
          "y": -227.998,
          "angle": 0.001,
          "speed": 0.008,
          "is_prefab": true
        },
        {
          "type": "wheeled_car",
          "x": -1614.634,
          "y": -227.998,
          "angle": 0.001,
          "speed": 0.649,
          "is_prefab": true
        },
        {
          "type": "wheeled_car",
          "x": -1351.282,
          "y": -227.987,
          "angle": 0.001,
          "speed": 1.252,
          "is_prefab": true
        }
      ]
    },
    {
      "time": 0.8,
      "vehicles": [
        {
          "type": "freight_truck",
          "x": -1714.011,
          "y": 68.002,
          "angle": 0.0,
          "speed": 0.734,
          "is_prefab": true
        },
        {
          "type": "coach_bus",
          "x": -1365.644,
          "y": 75.98,
          "angle": -0.0,
          "speed": 0.939,
          "is_prefab": true
        },
        {
          "type": "wheeled_car",
          "x": -1799.714,
          "y": -227.993,
          "angle": 0.001,
          "speed": 0.001,
          "is_prefab": true
        },
        {
          "type": "wheeled_car",
          "x": -1573.173,
          "y": -227.993,
          "angle": 0.001,
          "speed": 1.226,
          "is_prefab": true
        },
        {
          "type": "wheeled_car",
          "x": -1288.649,
          "y": -221.328,
          "angle": 0.198,
          "speed": 1.368,
          "is_prefab": true
        }
      ]
    },
    {
      "time": 1.0,
      "vehicles": [
        {
          "type": "freight_truck",
          "x": -1678.756,
          "y": 68.002,
          "angle": 0.0,
          "speed": 0.737,
          "is_prefab": true
        },
        {
          "type": "coach_bus",
          "x": -1320.465,
          "y": 76.016,
          "angle": 0.0,
          "speed": 0.942,
          "is_prefab": true
        },
        {
          "type": "wheeled_car",
          "x": -1775.864,
          "y": -228.001,
          "angle": 0.001,
          "speed": 0.642,
          "is_prefab": true
        },
        {
          "type": "wheeled_car",
          "x": -1513.951,
          "y": -228.001,
          "angle": 0.001,
          "speed": 1.237,
          "is_prefab": true
        },
        {
          "type": "wheeled_car",
          "x": -1223.929,
          "y": -178.488,
          "angle": 0.512,
          "speed": 2.042,
          "is_prefab": true
        }
      ]
    },
    {
      "time": 1.2,
      "vehicles": [
        {
          "type": "freight_truck",
          "x": -1643.415,
          "y": 68.001,
          "angle": 0.0,
          "speed": 0.739,
          "is_prefab": true
        },
        {
          "type": "coach_bus",
          "x": -1275.154,
          "y": 76.169,
          "angle": 0.003,
          "speed": 0.946,
          "is_prefab": true
        },
        {
          "type": "wheeled_car",
          "x": -1736.633,
          "y": -227.998,
          "angle": 0.001,
          "speed": 1.221,
          "is_prefab": true
        },
        {
          "type": "wheeled_car",
          "x": -1454.606,
          "y": -227.998,
          "angle": 0.001,
          "speed": 1.24,
          "is_prefab": true
        },
        {
          "type": "wheeled_car",
          "x": -1159.186,
          "y": -72.859,
          "angle": 0.707,
          "speed": 3.145,
          "is_prefab": true
        }
      ]
    },
    {
      "time": 1.4,
      "vehicles": [
        {
          "type": "freight_truck",
          "x": -1607.269,
          "y": 68.004,
          "angle": 0.0,
          "speed": 0.737,
          "is_prefab": true
        },
        {
          "type": "coach_bus",
          "x": -1251.131,
          "y": 76.506,
          "angle": 0.007,
          "speed": 0.053,
          "is_prefab": true
        },
        {
          "type": "wheeled_car",
          "x": -1676.237,
          "y": -228.0,
          "angle": 0.001,
          "speed": 1.236,
          "is_prefab": true
        },
        {
          "type": "wheeled_car",
          "x": -1393.961,
          "y": -228.0,
          "angle": 0.001,
          "speed": 1.24,
          "is_prefab": true
        },
        {
          "type": "wheeled_car",
          "x": -1096.944,
          "y": 81.517,
          "angle": 0.789,
          "speed": 0.711,
          "is_prefab": true
        }
      ]
    },
    {
      "time": 1.6,
      "vehicles": [
        {
          "type": "freight_truck",
          "x": -1578.517,
          "y": 68.004,
          "angle": 0.0,
          "speed": 0.397,
          "is_prefab": true
        },
        {
          "type": "coach_bus",
          "x": -1250.847,
          "y": 76.797,
          "angle": 0.014,
          "speed": 0.026,
          "is_prefab": true
        },
        {
          "type": "wheeled_car",
          "x": -1616.894,
          "y": -227.995,
          "angle": 0.001,
          "speed": 1.235,
          "is_prefab": true
        },
        {
          "type": "wheeled_car",
          "x": -1334.073,
          "y": -227.295,
          "angle": 0.021,
          "speed": 1.295,
          "is_prefab": true
        },
        {
          "type": "wheeled_car",
          "x": -1063.917,
          "y": 90.867,
          "angle": 0.14,
          "speed": 1.014,
          "is_prefab": true
        }
      ]
    },
    {
      "time": 1.8,
      "vehicles": [
        {
          "type": "freight_truck",
          "x": -1560.394,
          "y": 68.004,
          "angle": 0.0,
          "speed": 0.357,
          "is_prefab": true
        },
        {
          "type": "coach_bus",
          "x": -1250.908,
          "y": 76.699,
          "angle": 0.011,
          "speed": 0.025,
          "is_prefab": true
        },
        {
          "type": "wheeled_car",
          "x": -1557.476,
          "y": -227.999,
          "angle": 0.001,
          "speed": 1.242,
          "is_prefab": true
        },
        {
          "type": "wheeled_car",
          "x": -1270.091,
          "y": -215.367,
          "angle": 0.311,
          "speed": 1.477,
          "is_prefab": true
        },
        {
          "type": "wheeled_car",
          "x": -1015.396,
          "y": 89.998,
          "angle": -0.159,
          "speed": 1.24,
          "is_prefab": true
        }
      ]
    },
    {
      "time": 2.0,
      "vehicles": [
        {
          "type": "freight_truck",
          "x": -1543.999,
          "y": 68.003,
          "angle": 0.0,
          "speed": 0.329,
          "is_prefab": true
        },
        {
          "type": "coach_bus",
          "x": -1245.919,
          "y": 76.627,
          "angle": 0.009,
          "speed": 0.419,
          "is_prefab": true
        },
        {
          "type": "wheeled_car",
          "x": -1497.976,
          "y": -227.994,
          "angle": 0.001,
          "speed": 1.239,
          "is_prefab": true
        },
        {
          "type": "wheeled_car",
          "x": -1205.123,
          "y": -154.957,
          "angle": 0.594,
          "speed": 2.332,
          "is_prefab": true
        },
        {
          "type": "wheeled_car",
          "x": -952.025,
          "y": 96.149,
          "angle": 0.017,
          "speed": 1.264,
          "is_prefab": true
        }
      ]
    },
    {
      "time": 2.2,
      "vehicles": [
        {
          "type": "freight_truck",
          "x": -1527.83,
          "y": 68.003,
          "angle": 0.0,
          "speed": 0.345,
          "is_prefab": true
        },
        {
          "type": "coach_bus",
          "x": -1222.048,
          "y": 76.836,
          "angle": 0.008,
          "speed": 0.809,
          "is_prefab": true
        },
        {
          "type": "wheeled_car",
          "x": -1438.404,
          "y": -227.995,
          "angle": 0.001,
          "speed": 1.24,
          "is_prefab": true
        },
        {
          "type": "wheeled_car",
          "x": -1140.154,
          "y": -31.763,
          "angle": 0.768,
          "speed": 3.481,
          "is_prefab": true
        },
        {
          "type": "wheeled_car",
          "x": -893.571,
          "y": 97.957,
          "angle": 0.014,
          "speed": 1.197,
          "is_prefab": true
        }
      ]
    },
    {
      "time": 2.4,
      "vehicles": [
        {
          "type": "freight_truck",
          "x": -1509.899,
          "y": 68.003,
          "angle": 0.0,
          "speed": 0.404,
          "is_prefab": true
        },
        {
          "type": "coach_bus",
          "x": -1176.521,
          "y": 78.669,
          "angle": 0.086,
          "speed": 0.907,
          "is_prefab": true
        },
        {
          "type": "wheeled_car",
          "x": -1378.758,
          "y": -227.998,
          "angle": 0.001,
          "speed": 1.246,
          "is_prefab": true
        },
        {
          "type": "wheeled_car",
          "x": -1084.752,
          "y": 45.627,
          "angle": 0.944,
          "speed": 0.963,
          "is_prefab": true
        },
        {
          "type": "wheeled_car",
          "x": -835.155,
          "y": 99.32,
          "angle": -0.003,
          "speed": 1.231,
          "is_prefab": true
        }
      ]
    },
    {
      "time": 2.6,
      "vehicles": [
        {
          "type": "freight_truck",
          "x": -1480.449,
          "y": 68.003,
          "angle": 0.0,
          "speed": 0.75,
          "is_prefab": true
        },
        {
          "type": "coach_bus",
          "x": -1131.9,
          "y": 79.818,
          "angle": 0.018,
          "speed": 0.9,
          "is_prefab": true
        },
        {
          "type": "wheeled_car",
          "x": -1317.902,
          "y": -225.941,
          "angle": 0.062,
          "speed": 1.333,
          "is_prefab": true
        },
        {
          "type": "wheeled_car",
          "x": -1056.226,
          "y": 44.044,
          "angle": 0.916,
          "speed": 0.928,
          "is_prefab": true
        },
        {
          "type": "wheeled_car",
          "x": -776.661,
          "y": 97.541,
          "angle": 0.0,
          "speed": 1.14,
          "is_prefab": true
        }
      ]
    },
    {
      "time": 2.8,
      "vehicles": [
        {
          "type": "freight_truck",
          "x": -1444.514,
          "y": 68.004,
          "angle": 0.0,
          "speed": 0.747,
          "is_prefab": true
        },
        {
          "type": "coach_bus",
          "x": -1088.191,
          "y": 80.349,
          "angle": 0.018,
          "speed": 0.919,
          "is_prefab": true
        },
        {
          "type": "wheeled_car",
          "x": -1253.163,
          "y": -205.856,
          "angle": 0.386,
          "speed": 1.649,
          "is_prefab": true
        },
        {
          "type": "wheeled_car",
          "x": -1011.937,
          "y": 44.324,
          "angle": 0.931,
          "speed": 0.929,
          "is_prefab": true
        },
        {
          "type": "wheeled_car",
          "x": -725.391,
          "y": 100.537,
          "angle": -0.034,
          "speed": 1.119,
          "is_prefab": true
        }
      ]
    },
    {
      "time": 3.0,
      "vehicles": [
        {
          "type": "freight_truck",
          "x": -1408.512,
          "y": 68.004,
          "angle": 0.0,
          "speed": 0.749,
          "is_prefab": true
        },
        {
          "type": "coach_bus",
          "x": -1043.855,
          "y": 81.013,
          "angle": 0.02,
          "speed": 0.924,
          "is_prefab": true
        },
        {
          "type": "wheeled_car",
          "x": -1188.017,
          "y": -128.858,
          "angle": 0.627,
          "speed": 2.623,
          "is_prefab": true
        },
        {
          "type": "wheeled_car",
          "x": -966.977,
          "y": 45.049,
          "angle": 0.947,
          "speed": 0.937,
          "is_prefab": true
        },
        {
          "type": "wheeled_car",
          "x": -667.447,
          "y": 99.651,
          "angle": -0.035,
          "speed": 1.244,
          "is_prefab": true
        }
      ]
    },
    {
      "time": 3.2,
      "vehicles": [
        {
          "type": "freight_truck",
          "x": -1375.062,
          "y": 68.227,
          "angle": 0.003,
          "speed": 0.092,
          "is_prefab": true
        },
        {
          "type": "coach_bus",
          "x": -999.413,
          "y": 82.226,
          "angle": 0.024,
          "speed": 0.925,
          "is_prefab": true
        },
        {
          "type": "wheeled_car",
          "x": -1122.871,
          "y": 10.925,
          "angle": 0.777,
          "speed": 3.803,
          "is_prefab": true
        },
        {
          "type": "wheeled_car",
          "x": -921.74,
          "y": 46.52,
          "angle": 0.968,
          "speed": 0.938,
          "is_prefab": true
        },
        {
          "type": "wheeled_car",
          "x": -607.738,
          "y": 97.996,
          "angle": -0.037,
          "speed": 1.248,
          "is_prefab": true
        }
      ]
    },
    {
      "time": 3.4,
      "vehicles": [
        {
          "type": "freight_truck",
          "x": -1374.629,
          "y": 68.148,
          "angle": 0.009,
          "speed": 0.154,
          "is_prefab": true
        },
        {
          "type": "coach_bus",
          "x": -955.282,
          "y": 83.687,
          "angle": -0.003,
          "speed": 0.845,
          "is_prefab": true
        },
        {
          "type": "wheeled_car",
          "x": -1104.323,
          "y": 85.952,
          "angle": 0.485,
          "speed": 0.491,
          "is_prefab": true
        },
        {
          "type": "wheeled_car",
          "x": -878.058,
          "y": 45.866,
          "angle": 0.956,
          "speed": 0.823,
          "is_prefab": true
        },
        {
          "type": "wheeled_car",
          "x": -546.338,
          "y": 95.529,
          "angle": -0.021,
          "speed": 1.217,
          "is_prefab": true
        }
      ]
    },
    {
      "time": 3.6,
      "vehicles": [
        {
          "type": "freight_truck",
          "x": -1374.838,
          "y": 68.289,
          "angle": 0.002,
          "speed": 0.118,
          "is_prefab": true
        },
        {
          "type": "coach_bus",
          "x": -911.217,
          "y": 86.276,
          "angle": 0.037,
          "speed": 0.89,
          "is_prefab": true
        },
        {
          "type": "wheeled_car",
          "x": -1117.733,
          "y": 92.861,
          "angle": -0.066,
          "speed": 0.173,
          "is_prefab": true
        },
        {
          "type": "wheeled_car",
          "x": -832.309,
          "y": 51.113,
          "angle": 1.004,
          "speed": 0.916,
          "is_prefab": true
        },
        {
          "type": "wheeled_car",
          "x": -488.97,
          "y": 94.902,
          "angle": -0.025,
          "speed": 1.233,
          "is_prefab": true
        }
      ]
    },
    {
      "time": 3.8,
      "vehicles": [
        {
          "type": "freight_truck",
          "x": -1374.82,
          "y": 68.051,
          "angle": 0.001,
          "speed": 0.002,
          "is_prefab": true
        },
        {
          "type": "coach_bus",
          "x": -867.566,
          "y": 89.648,
          "angle": 0.06,
          "speed": 0.916,
          "is_prefab": true
        },
        {
          "type": "wheeled_car",
          "x": -1106.173,
          "y": 90.463,
          "angle": -0.073,
          "speed": 0.661,
          "is_prefab": true
        },
        {
          "type": "wheeled_car",
          "x": -787.448,
          "y": 55.573,
          "angle": 1.041,
          "speed": 0.928,
          "is_prefab": true
        },
        {
          "type": "wheeled_car",
          "x": -429.294,
          "y": 93.462,
          "angle": -0.026,
          "speed": 1.231,
          "is_prefab": true
        }
      ]
    },
    {
      "time": 4.0,
      "vehicles": [
        {
          "type": "freight_truck",
          "x": -1371.038,
          "y": 67.973,
          "angle": 0.0,
          "speed": 0.3,
          "is_prefab": true
        },
        {
          "type": "coach_bus",
          "x": -824.758,
          "y": 94.127,
          "angle": 0.071,
          "speed": 0.871,
          "is_prefab": true
        },
        {
          "type": "wheeled_car",
          "x": -1075.641,
          "y": 92.836,
          "angle": 0.044,
          "speed": 0.613,
          "is_prefab": true
        },
        {
          "type": "wheeled_car",
          "x": -744.159,
          "y": 60.717,
          "angle": 1.054,
          "speed": 0.858,
          "is_prefab": true
        },
        {
          "type": "wheeled_car",
          "x": -369.234,
          "y": 93.078,
          "angle": 0.0,
          "speed": 1.257,
          "is_prefab": true
        }
      ]
    },
    {
      "time": 4.2,
      "vehicles": [
        {
          "type": "freight_truck",
          "x": -1355.404,
          "y": 68.0,
          "angle": 0.0,
          "speed": 0.346,
          "is_prefab": true
        },
        {
          "type": "coach_bus",
          "x": -783.799,
          "y": 92.567,
          "angle": 0.021,
          "speed": 0.89,
          "is_prefab": true
        },
        {
          "type": "wheeled_car",
          "x": -1045.347,
          "y": 94.145,
          "angle": 0.071,
          "speed": 0.658,
          "is_prefab": true
        },
        {
          "type": "wheeled_car",
          "x": -704.889,
          "y": 55.529,
          "angle": 1.006,
          "speed": 0.86,
          "is_prefab": true
        },
        {
          "type": "wheeled_car",
          "x": -308.929,
          "y": 92.994,
          "angle": 0.001,
          "speed": 1.256,
          "is_prefab": true
        }
      ]
    },
    {
      "time": 4.4,
      "vehicles": [
        {
          "type": "freight_truck",
          "x": -1338.007,
          "y": 68.048,
          "angle": 0.001,
          "speed": 0.378,
          "is_prefab": true
        },
        {
          "type": "coach_bus",
          "x": -740.892,
          "y": 92.202,
          "angle": -0.024,
          "speed": 0.905,
          "is_prefab": true
        },
        {
          "type": "wheeled_car",
          "x": -1013.123,
          "y": 96.583,
          "angle": 0.067,
          "speed": 0.704,
          "is_prefab": true
        },
        {
          "type": "wheeled_car",
          "x": -663.966,
          "y": 51.556,
          "angle": 0.955,
          "speed": 0.859,
          "is_prefab": true
        },
        {
          "type": "wheeled_car",
          "x": -248.564,
          "y": 92.994,
          "angle": 0.002,
          "speed": 1.26,
          "is_prefab": true
        }
      ]
    },
    {
      "time": 4.6,
      "vehicles": [
        {
          "type": "freight_truck",
          "x": -1317.221,
          "y": 68.106,
          "angle": 0.002,
          "speed": 0.696,
          "is_prefab": true
        },
        {
          "type": "coach_bus",
          "x": -697.539,
          "y": 91.41,
          "angle": -0.062,
          "speed": 0.909,
          "is_prefab": true
        },
        {
          "type": "wheeled_car",
          "x": -975.196,
          "y": 98.908,
          "angle": 0.062,
          "speed": 0.828,
          "is_prefab": true
        },
        {
          "type": "wheeled_car",
          "x": -622.181,
          "y": 47.951,
          "angle": 0.918,
          "speed": 0.879,
          "is_prefab": true
        },
        {
          "type": "wheeled_car",
          "x": -188.132,
          "y": 93.068,
          "angle": 0.002,
          "speed": 1.258,
          "is_prefab": true
        }
      ]
    },
    {
      "time": 4.8,
      "vehicles": [
        {
          "type": "freight_truck",
          "x": -1282.046,
          "y": 68.363,
          "angle": 0.004,
          "speed": 0.747,
          "is_prefab": true
        },
        {
          "type": "coach_bus",
          "x": -653.37,
          "y": 87.254,
          "angle": -0.057,
          "speed": 0.943,
          "is_prefab": true
        },
        {
          "type": "wheeled_car",
          "x": -930.738,
          "y": 100.772,
          "angle": 0.053,
          "speed": 0.905,
          "is_prefab": true
        },
        {
          "type": "wheeled_car",
          "x": -577.646,
          "y": 44.289,
          "angle": 0.926,
          "speed": 0.988,
          "is_prefab": true
        },
        {
          "type": "wheeled_car",
          "x": -127.638,
          "y": 93.228,
          "angle": 0.003,
          "speed": 1.26,
          "is_prefab": true
        }
      ]
    },
    {
      "time": 5.0,
      "vehicles": [
        {
          "type": "freight_truck",
          "x": -1246.332,
          "y": 69.086,
          "angle": 0.014,
          "speed": 0.742,
          "is_prefab": true
        },
        {
          "type": "coach_bus",
          "x": -608.232,
          "y": 83.633,
          "angle": -0.037,
          "speed": 0.956,
          "is_prefab": true
        },
        {
          "type": "wheeled_car",
          "x": -885.368,
          "y": 101.216,
          "angle": 0.033,
          "speed": 0.882,
          "is_prefab": true
        },
        {
          "type": "wheeled_car",
          "x": -531.701,
          "y": 42.004,
          "angle": 0.946,
          "speed": 0.976,
          "is_prefab": true
        },
        {
          "type": "wheeled_car",
          "x": -67.155,
          "y": 93.298,
          "angle": 0.001,
          "speed": 1.261,
          "is_prefab": true
        }
      ]
    },
    {
      "time": 5.2,
      "vehicles": [
        {
          "type": "freight_truck",
          "x": -1210.773,
          "y": 70.435,
          "angle": 0.023,
          "speed": 0.735,
          "is_prefab": true
        },
        {
          "type": "coach_bus",
          "x": -562.943,
          "y": 81.092,
          "angle": -0.022,
          "speed": 0.953,
          "is_prefab": true
        },
        {
          "type": "wheeled_car",
          "x": -840.066,
          "y": 99.979,
          "angle": 0.014,
          "speed": 0.888,
          "is_prefab": true
        },
        {
          "type": "wheeled_car",
          "x": -485.833,
          "y": 40.546,
          "angle": 0.96,
          "speed": 0.959,
          "is_prefab": true
        },
        {
          "type": "wheeled_car",
          "x": -6.6,
          "y": 93.202,
          "angle": -0.0,
          "speed": 1.262,
          "is_prefab": true
        }
      ]
    },
    {
      "time": 5.4,
      "vehicles": [
        {
          "type": "freight_truck",
          "x": -1175.587,
          "y": 72.673,
          "angle": 0.032,
          "speed": 0.748,
          "is_prefab": true
        },
        {
          "type": "coach_bus",
          "x": -517.736,
          "y": 79.51,
          "angle": -0.014,
          "speed": 0.936,
          "is_prefab": true
        },
        {
          "type": "wheeled_car",
          "x": -795.037,
          "y": 97.818,
          "angle": -0.005,
          "speed": 0.945,
          "is_prefab": true
        },
        {
          "type": "wheeled_car",
          "x": -440.354,
          "y": 39.716,
          "angle": 0.967,
          "speed": 0.952,
          "is_prefab": true
        },
        {
          "type": "wheeled_car",
          "x": 54.043,
          "y": 93.116,
          "angle": 0.001,
          "speed": 1.263,
          "is_prefab": true
        }
      ]
    },
    {
      "time": 5.6,
      "vehicles": [
        {
          "type": "freight_truck",
          "x": -1140.663,
          "y": 75.481,
          "angle": 0.038,
          "speed": 0.739,
          "is_prefab": true
        },
        {
          "type": "coach_bus",
          "x": -472.349,
          "y": 78.81,
          "angle": -0.007,
          "speed": 0.939,
          "is_prefab": true
        },
        {
          "type": "wheeled_car",
          "x": -749.82,
          "y": 94.144,
          "angle": -0.004,
          "speed": 0.893,
          "is_prefab": true
        },
        {
          "type": "wheeled_car",
          "x": -394.714,
          "y": 39.585,
          "angle": 0.973,
          "speed": 0.955,
          "is_prefab": true
        },
        {
          "type": "wheeled_car",
          "x": 114.747,
          "y": 93.112,
          "angle": 0.001,
          "speed": 1.263,
          "is_prefab": true
        }
      ]
    },
    {
      "time": 5.8,
      "vehicles": [
        {
          "type": "freight_truck",
          "x": -1105.737,
          "y": 76.541,
          "angle": 0.024,
          "speed": 0.732,
          "is_prefab": true
        },
        {
          "type": "wheeled_car",
          "x": -694.046,
          "y": 93.417,
          "angle": 0.005,
          "speed": 1.189,
          "is_prefab": true
        },
        {
          "type": "wheeled_car",
          "x": 175.503,
          "y": 93.203,
          "angle": 0.002,
          "speed": 1.268,
          "is_prefab": true
        }
      ]
    },
    {
      "time": 6.0,
      "vehicles": [
        {
          "type": "freight_truck",
          "x": -1070.473,
          "y": 76.067,
          "angle": 0.013,
          "speed": 0.726,
          "is_prefab": true
        },
        {
          "type": "wheeled_car",
          "x": -641.081,
          "y": 96.47,
          "angle": -0.013,
          "speed": 1.189,
          "is_prefab": true
        },
        {
          "type": "wheeled_car",
          "x": 236.269,
          "y": 93.317,
          "angle": -0.0,
          "speed": 1.265,
          "is_prefab": true
        }
      ]
    },
    {
      "time": 6.2,
      "vehicles": [
        {
          "type": "freight_truck",
          "x": -1035.836,
          "y": 76.956,
          "angle": 0.004,
          "speed": 0.735,
          "is_prefab": true
        },
        {
          "type": "wheeled_car",
          "x": -581.702,
          "y": 96.278,
          "angle": -0.018,
          "speed": 1.251,
          "is_prefab": true
        },
        {
          "type": "wheeled_car",
          "x": 297.122,
          "y": 93.324,
          "angle": 0.001,
          "speed": 1.268,
          "is_prefab": true
        }
      ]
    },
    {
      "time": 6.4,
      "vehicles": [
        {
          "type": "freight_truck",
          "x": -1000.173,
          "y": 77.84,
          "angle": -0.003,
          "speed": 0.743,
          "is_prefab": true
        },
        {
          "type": "wheeled_car",
          "x": -521.793,
          "y": 95.373,
          "angle": -0.023,
          "speed": 1.254,
          "is_prefab": true
        },
        {
          "type": "wheeled_car",
          "x": 358.031,
          "y": 93.31,
          "angle": 0.002,
          "speed": 1.269,
          "is_prefab": true
        }
      ]
    },
    {
      "time": 6.6,
      "vehicles": [
        {
          "type": "freight_truck",
          "x": -964.465,
          "y": 77.499,
          "angle": 0.003,
          "speed": 0.763,
          "is_prefab": true
        },
        {
          "type": "wheeled_car",
          "x": -461.598,
          "y": 94.097,
          "angle": -0.02,
          "speed": 1.257,
          "is_prefab": true
        },
        {
          "type": "wheeled_car",
          "x": 418.992,
          "y": 93.383,
          "angle": 0.003,
          "speed": 1.27,
          "is_prefab": true
        }
      ]
    },
    {
      "time": 6.8,
      "vehicles": [
        {
          "type": "freight_truck",
          "x": -927.329,
          "y": 79.17,
          "angle": 0.035,
          "speed": 0.775,
          "is_prefab": true
        },
        {
          "type": "wheeled_car",
          "x": -401.54,
          "y": 93.476,
          "angle": -0.012,
          "speed": 1.261,
          "is_prefab": true
        },
        {
          "type": "wheeled_car",
          "x": 480.008,
          "y": 93.591,
          "angle": 0.003,
          "speed": 1.271,
          "is_prefab": true
        }
      ]
    },
    {
      "time": 7.0,
      "vehicles": [
        {
          "type": "freight_truck",
          "x": -890.17,
          "y": 83.709,
          "angle": 0.071,
          "speed": 0.779,
          "is_prefab": true
        },
        {
          "type": "wheeled_car",
          "x": -341.301,
          "y": 93.131,
          "angle": -0.0,
          "speed": 1.255,
          "is_prefab": true
        },
        {
          "type": "wheeled_car",
          "x": 540.749,
          "y": 93.878,
          "angle": 0.002,
          "speed": 1.281,
          "is_prefab": true
        }
      ]
    },
    {
      "time": 7.2,
      "vehicles": [
        {
          "type": "freight_truck",
          "x": -853.426,
          "y": 89.373,
          "angle": 0.096,
          "speed": 0.778,
          "is_prefab": true
        },
        {
          "type": "wheeled_car",
          "x": -280.826,
          "y": 92.996,
          "angle": 0.001,
          "speed": 1.262,
          "is_prefab": true
        },
        {
          "type": "wheeled_car",
          "x": 601.624,
          "y": 94.34,
          "angle": 0.007,
          "speed": 1.253,
          "is_prefab": true
        }
      ]
    },
    {
      "time": 7.4,
      "vehicles": [
        {
          "type": "freight_truck",
          "x": -817.964,
          "y": 92.188,
          "angle": 0.085,
          "speed": 0.732,
          "is_prefab": true
        },
        {
          "type": "wheeled_car",
          "x": -220.288,
          "y": 93.01,
          "angle": 0.002,
          "speed": 1.263,
          "is_prefab": true
        },
        {
          "type": "wheeled_car",
          "x": 662.658,
          "y": 94.737,
          "angle": 0.007,
          "speed": 1.274,
          "is_prefab": true
        }
      ]
    },
    {
      "time": 7.6,
      "vehicles": [
        {
          "type": "freight_truck",
          "x": -784.79,
          "y": 92.363,
          "angle": 0.031,
          "speed": 0.714,
          "is_prefab": true
        },
        {
          "type": "wheeled_car",
          "x": -159.691,
          "y": 93.127,
          "angle": 0.002,
          "speed": 1.264,
          "is_prefab": true
        },
        {
          "type": "wheeled_car",
          "x": 723.874,
          "y": 95.269,
          "angle": 0.008,
          "speed": 1.275,
          "is_prefab": true
        }
      ]
    },
    {
      "time": 7.8,
      "vehicles": [
        {
          "type": "freight_truck",
          "x": -751.134,
          "y": 90.086,
          "angle": -0.018,
          "speed": 0.708,
          "is_prefab": true
        },
        {
          "type": "wheeled_car",
          "x": -99.24,
          "y": 93.269,
          "angle": 0.002,
          "speed": 1.262,
          "is_prefab": true
        },
        {
          "type": "wheeled_car",
          "x": 785.161,
          "y": 96.157,
          "angle": 0.011,
          "speed": 1.276,
          "is_prefab": true
        }
      ]
    },
    {
      "time": 8.0,
      "vehicles": [
        {
          "type": "freight_truck",
          "x": -717.495,
          "y": 91.029,
          "angle": -0.065,
          "speed": 0.721,
          "is_prefab": true
        },
        {
          "type": "wheeled_car",
          "x": -38.613,
          "y": 93.262,
          "angle": -0.001,
          "speed": 1.264,
          "is_prefab": true
        },
        {
          "type": "wheeled_car",
          "x": 846.048,
          "y": 96.65,
          "angle": 0.0,
          "speed": 1.269,
          "is_prefab": true
        }
      ]
    },
    {
      "time": 8.2,
      "vehicles": [
        {
          "type": "freight_truck",
          "x": -682.736,
          "y": 90.165,
          "angle": -0.106,
          "speed": 0.733,
          "is_prefab": true
        },
        {
          "type": "wheeled_car",
          "x": 22.128,
          "y": 93.132,
          "angle": 0.0,
          "speed": 1.265,
          "is_prefab": true
        },
        {
          "type": "wheeled_car",
          "x": 906.597,
          "y": 96.571,
          "angle": -0.004,
          "speed": 1.277,
          "is_prefab": true
        }
      ]
    },
    {
      "time": 8.4,
      "vehicles": [
        {
          "type": "freight_truck",
          "x": -646.951,
          "y": 83.351,
          "angle": -0.084,
          "speed": 0.79,
          "is_prefab": true
        },
        {
          "type": "wheeled_car",
          "x": 82.925,
          "y": 93.1,
          "angle": 0.001,
          "speed": 1.266,
          "is_prefab": true
        },
        {
          "type": "wheeled_car",
          "x": 967.872,
          "y": 96.268,
          "angle": -0.004,
          "speed": 1.276,
          "is_prefab": true
        }
      ]
    },
    {
      "time": 8.6,
      "vehicles": [
        {
          "type": "freight_truck",
          "x": -610.116,
          "y": 79.002,
          "angle": -0.055,
          "speed": 0.777,
          "is_prefab": true
        },
        {
          "type": "wheeled_car",
          "x": 143.775,
          "y": 93.152,
          "angle": 0.002,
          "speed": 1.267,
          "is_prefab": true
        },
        {
          "type": "wheeled_car",
          "x": 1029.162,
          "y": 96.246,
          "angle": -0.004,
          "speed": 1.277,
          "is_prefab": true
        }
      ]
    },
    {
      "time": 8.8,
      "vehicles": [
        {
          "type": "freight_truck",
          "x": -573.561,
          "y": 76.125,
          "angle": -0.041,
          "speed": 0.769,
          "is_prefab": true
        },
        {
          "type": "wheeled_car",
          "x": 204.681,
          "y": 93.284,
          "angle": 0.002,
          "speed": 1.268,
          "is_prefab": true
        },
        {
          "type": "wheeled_car",
          "x": 1090.509,
          "y": 95.956,
          "angle": -0.004,
          "speed": 1.278,
          "is_prefab": true
        }
      ]
    },
    {
      "time": 9.0,
      "vehicles": [
        {
          "type": "freight_truck",
          "x": -536.814,
          "y": 74.023,
          "angle": -0.03,
          "speed": 0.77,
          "is_prefab": true
        },
        {
          "type": "wheeled_car",
          "x": 265.047,
          "y": 93.337,
          "angle": -0.001,
          "speed": 1.267,
          "is_prefab": true
        },
        {
          "type": "wheeled_car",
          "x": 1151.843,
          "y": 95.563,
          "angle": -0.007,
          "speed": 1.276,
          "is_prefab": true
        }
      ]
    },
    {
      "time": 9.2,
      "vehicles": [
        {
          "type": "freight_truck",
          "x": -499.873,
          "y": 72.575,
          "angle": -0.017,
          "speed": 0.771,
          "is_prefab": true
        },
        {
          "type": "wheeled_car",
          "x": 326.041,
          "y": 93.296,
          "angle": 0.001,
          "speed": 1.27,
          "is_prefab": true
        },
        {
          "type": "wheeled_car",
          "x": 1213.159,
          "y": 94.951,
          "angle": -0.01,
          "speed": 1.281,
          "is_prefab": true
        }
      ]
    },
    {
      "time": 9.4,
      "vehicles": [
        {
          "type": "freight_truck",
          "x": -462.779,
          "y": 71.888,
          "angle": -0.004,
          "speed": 0.77,
          "is_prefab": true
        },
        {
          "type": "wheeled_car",
          "x": 387.074,
          "y": 93.264,
          "angle": 0.002,
          "speed": 1.273,
          "is_prefab": true
        },
        {
          "type": "wheeled_car",
          "x": 1274.59,
          "y": 94.213,
          "angle": -0.01,
          "speed": 1.279,
          "is_prefab": true
        }
      ]
    },
    {
      "time": 9.6,
      "vehicles": [
        {
          "type": "freight_truck",
          "x": -426.568,
          "y": 71.52,
          "angle": -0.009,
          "speed": 0.755,
          "is_prefab": true
        },
        {
          "type": "wheeled_car",
          "x": 448.155,
          "y": 93.303,
          "angle": 0.002,
          "speed": 1.272,
          "is_prefab": true
        },
        {
          "type": "wheeled_car",
          "x": 1336.058,
          "y": 93.515,
          "angle": -0.01,
          "speed": 1.279,
          "is_prefab": true
        }
      ]
    },
    {
      "time": 9.8,
      "vehicles": [
        {
          "type": "freight_truck",
          "x": -389.554,
          "y": 71.619,
          "angle": -0.0,
          "speed": 0.775,
          "is_prefab": true
        },
        {
          "type": "wheeled_car",
          "x": 509.287,
          "y": 93.436,
          "angle": 0.003,
          "speed": 1.273,
          "is_prefab": true
        },
        {
          "type": "wheeled_car",
          "x": 1397.566,
          "y": 92.836,
          "angle": -0.009,
          "speed": 1.281,
          "is_prefab": true
        }
      ]
    },
    {
      "time": 10.0,
      "vehicles": [
        {
          "type": "freight_truck",
          "x": -352.735,
          "y": 71.643,
          "angle": -0.002,
          "speed": 0.765,
          "is_prefab": true
        },
        {
          "type": "wheeled_car",
          "x": 570.412,
          "y": 93.859,
          "angle": 0.009,
          "speed": 1.277,
          "is_prefab": true
        },
        {
          "type": "wheeled_car",
          "x": 1459.113,
          "y": 92.262,
          "angle": -0.009,
          "speed": 1.291,
          "is_prefab": true
        }
      ]
    },
    {
      "time": 10.2,
      "vehicles": [
        {
          "type": "freight_truck",
          "x": -316.473,
          "y": 72.225,
          "angle": -0.008,
          "speed": 0.737,
          "is_prefab": true
        },
        {
          "type": "wheeled_car",
          "x": 631.43,
          "y": 94.654,
          "angle": 0.016,
          "speed": 1.278,
          "is_prefab": true
        },
        {
          "type": "wheeled_car",
          "x": 1520.907,
          "y": 92.003,
          "angle": 0.001,
          "speed": 1.288,
          "is_prefab": true
        }
      ]
    },
    {
      "time": 10.4,
      "vehicles": [
        {
          "type": "freight_truck",
          "x": -280.449,
          "y": 71.964,
          "angle": -0.005,
          "speed": 0.759,
          "is_prefab": true
        },
        {
          "type": "wheeled_car",
          "x": 692.779,
          "y": 95.726,
          "angle": 0.018,
          "speed": 1.28,
          "is_prefab": true
        },
        {
          "type": "wheeled_car",
          "x": 1557.858,
          "y": 92.0,
          "angle": 0.001,
          "speed": 0.002,
          "is_prefab": true
        }
      ]
    },
    {
      "time": 10.6,
      "vehicles": [
        {
          "type": "freight_truck",
          "x": -243.971,
          "y": 71.713,
          "angle": -0.001,
          "speed": 0.762,
          "is_prefab": true
        },
        {
          "type": "wheeled_car",
          "x": 754.17,
          "y": 96.995,
          "angle": 0.019,
          "speed": 1.278,
          "is_prefab": true
        },
        {
          "type": "wheeled_car",
          "x": 1557.92,
          "y": 92.005,
          "angle": 0.001,
          "speed": 0.005,
          "is_prefab": true
        }
      ]
    },
    {
      "time": 10.8,
      "vehicles": [
        {
          "type": "freight_truck",
          "x": -207.318,
          "y": 71.868,
          "angle": 0.004,
          "speed": 0.78,
          "is_prefab": true
        },
        {
          "type": "wheeled_car",
          "x": 815.525,
          "y": 98.405,
          "angle": 0.017,
          "speed": 1.269,
          "is_prefab": true
        },
        {
          "type": "wheeled_car",
          "x": 1557.99,
          "y": 92.002,
          "angle": 0.001,
          "speed": 0.008,
          "is_prefab": true
        }
      ]
    },
    {
      "time": 11.0,
      "vehicles": [
        {
          "type": "freight_truck",
          "x": -170.84,
          "y": 72.356,
          "angle": 0.008,
          "speed": 0.76,
          "is_prefab": true
        },
        {
          "type": "wheeled_car",
          "x": 876.348,
          "y": 98.727,
          "angle": -0.01,
          "speed": 1.268,
          "is_prefab": true
        },
        {
          "type": "wheeled_car",
          "x": 1558.053,
          "y": 92.006,
          "angle": 0.001,
          "speed": 0.001,
          "is_prefab": true
        }
      ]
    },
    {
      "time": 11.2,
      "vehicles": [
        {
          "type": "freight_truck",
          "x": -134.478,
          "y": 72.671,
          "angle": 0.009,
          "speed": 0.762,
          "is_prefab": true
        },
        {
          "type": "wheeled_car",
          "x": 937.64,
          "y": 97.977,
          "angle": -0.008,
          "speed": 1.279,
          "is_prefab": true
        }
      ]
    },
    {
      "time": 11.4,
      "vehicles": [
        {
          "type": "freight_truck",
          "x": -97.668,
          "y": 72.524,
          "angle": 0.003,
          "speed": 0.769,
          "is_prefab": true
        },
        {
          "type": "wheeled_car",
          "x": 999.007,
          "y": 97.333,
          "angle": -0.008,
          "speed": 1.281,
          "is_prefab": true
        }
      ]
    },
    {
      "time": 11.6,
      "vehicles": [
        {
          "type": "freight_truck",
          "x": -60.694,
          "y": 72.501,
          "angle": -0.001,
          "speed": 0.771,
          "is_prefab": true
        },
        {
          "type": "wheeled_car",
          "x": 1060.419,
          "y": 96.723,
          "angle": -0.007,
          "speed": 1.279,
          "is_prefab": true
        }
      ]
    },
    {
      "time": 11.8,
      "vehicles": [
        {
          "type": "freight_truck",
          "x": -23.66,
          "y": 72.548,
          "angle": -0.006,
          "speed": 0.771,
          "is_prefab": true
        },
        {
          "type": "wheeled_car",
          "x": 1121.871,
          "y": 96.179,
          "angle": -0.007,
          "speed": 1.28,
          "is_prefab": true
        }
      ]
    },
    {
      "time": 12.0,
      "vehicles": [
        {
          "type": "freight_truck",
          "x": 13.385,
          "y": 72.618,
          "angle": -0.01,
          "speed": 0.768,
          "is_prefab": true
        },
        {
          "type": "wheeled_car",
          "x": 1183.273,
          "y": 95.509,
          "angle": -0.01,
          "speed": 1.281,
          "is_prefab": true
        }
      ]
    },
    {
      "time": 12.2,
      "vehicles": [
        {
          "type": "freight_truck",
          "x": 50.427,
          "y": 72.042,
          "angle": -0.005,
          "speed": 0.777,
          "is_prefab": true
        },
        {
          "type": "wheeled_car",
          "x": 1244.753,
          "y": 94.704,
          "angle": -0.011,
          "speed": 1.281,
          "is_prefab": true
        }
      ]
    },
    {
      "time": 12.4,
      "vehicles": [
        {
          "type": "freight_truck",
          "x": 87.841,
          "y": 71.902,
          "angle": -0.0,
          "speed": 0.786,
          "is_prefab": true
        },
        {
          "type": "wheeled_car",
          "x": 1306.294,
          "y": 93.913,
          "angle": -0.01,
          "speed": 1.282,
          "is_prefab": true
        }
      ]
    },
    {
      "time": 12.6,
      "vehicles": [
        {
          "type": "freight_truck",
          "x": 125.342,
          "y": 72.049,
          "angle": 0.004,
          "speed": 0.782,
          "is_prefab": true
        },
        {
          "type": "wheeled_car",
          "x": 1367.87,
          "y": 93.182,
          "angle": -0.01,
          "speed": 1.282,
          "is_prefab": true
        }
      ]
    },
    {
      "time": 12.8,
      "vehicles": [
        {
          "type": "freight_truck",
          "x": 162.441,
          "y": 72.556,
          "angle": 0.009,
          "speed": 0.777,
          "is_prefab": true
        },
        {
          "type": "wheeled_car",
          "x": 1429.485,
          "y": 92.508,
          "angle": -0.009,
          "speed": 1.286,
          "is_prefab": true
        }
      ]
    },
    {
      "time": 13.0,
      "vehicles": [
        {
          "type": "freight_truck",
          "x": 199.116,
          "y": 72.672,
          "angle": 0.005,
          "speed": 0.772,
          "is_prefab": true
        },
        {
          "type": "wheeled_car",
          "x": 1491.151,
          "y": 92.107,
          "angle": -0.004,
          "speed": 1.287,
          "is_prefab": true
        }
      ]
    },
    {
      "time": 13.2,
      "vehicles": [
        {
          "type": "freight_truck",
          "x": 235.982,
          "y": 72.59,
          "angle": 0.001,
          "speed": 0.757,
          "is_prefab": true
        },
        {
          "type": "wheeled_car",
          "x": 1552.673,
          "y": 92.005,
          "angle": 0.001,
          "speed": 0.957,
          "is_prefab": true
        }
      ]
    },
    {
      "time": 13.4,
      "vehicles": [
        {
          "type": "freight_truck",
          "x": 273.137,
          "y": 72.586,
          "angle": -0.004,
          "speed": 0.776,
          "is_prefab": true
        },
        {
          "type": "wheeled_car",
          "x": 1557.808,
          "y": 92.002,
          "angle": 0.001,
          "speed": 0.008,
          "is_prefab": true
        }
      ]
    },
    {
      "time": 13.6,
      "vehicles": [
        {
          "type": "freight_truck",
          "x": 310.456,
          "y": 72.606,
          "angle": -0.008,
          "speed": 0.777,
          "is_prefab": true
        },
        {
          "type": "wheeled_car",
          "x": 1557.871,
          "y": 92.003,
          "angle": 0.001,
          "speed": 0.006,
          "is_prefab": true
        }
      ]
    },
    {
      "time": 13.8,
      "vehicles": [
        {
          "type": "freight_truck",
          "x": 347.71,
          "y": 72.269,
          "angle": -0.008,
          "speed": 0.781,
          "is_prefab": true
        },
        {
          "type": "wheeled_car",
          "x": 1557.939,
          "y": 92.0,
          "angle": 0.001,
          "speed": 0.002,
          "is_prefab": true
        }
      ]
    },
    {
      "time": 14.0,
      "vehicles": [
        {
          "type": "freight_truck",
          "x": 384.814,
          "y": 71.941,
          "angle": -0.003,
          "speed": 0.773,
          "is_prefab": true
        }
      ]
    },
    {
      "time": 14.2,
      "vehicles": [
        {
          "type": "freight_truck",
          "x": 422.306,
          "y": 71.917,
          "angle": 0.002,
          "speed": 0.78,
          "is_prefab": true
        }
      ]
    },
    {
      "time": 14.4,
      "vehicles": [
        {
          "type": "freight_truck",
          "x": 459.298,
          "y": 72.271,
          "angle": 0.006,
          "speed": 0.783,
          "is_prefab": true
        }
      ]
    },
    {
      "time": 14.6,
      "vehicles": [
        {
          "type": "freight_truck",
          "x": 496.392,
          "y": 72.842,
          "angle": 0.01,
          "speed": 0.78,
          "is_prefab": true
        }
      ]
    },
    {
      "time": 14.8,
      "vehicles": [
        {
          "type": "freight_truck",
          "x": 533.833,
          "y": 73.395,
          "angle": 0.013,
          "speed": 0.787,
          "is_prefab": true
        }
      ]
    },
    {
      "time": 15.0,
      "vehicles": [
        {
          "type": "freight_truck",
          "x": 571.633,
          "y": 74.193,
          "angle": 0.016,
          "speed": 0.791,
          "is_prefab": true
        }
      ]
    },
    {
      "time": 15.2,
      "vehicles": [
        {
          "type": "freight_truck",
          "x": 609.514,
          "y": 75.163,
          "angle": 0.02,
          "speed": 0.788,
          "is_prefab": true
        }
      ]
    },
    {
      "time": 15.4,
      "vehicles": [
        {
          "type": "freight_truck",
          "x": 647.462,
          "y": 76.234,
          "angle": 0.025,
          "speed": 0.779,
          "is_prefab": true
        }
      ]
    },
    {
      "time": 15.6,
      "vehicles": [
        {
          "type": "freight_truck",
          "x": 684.917,
          "y": 77.767,
          "angle": 0.032,
          "speed": 0.792,
          "is_prefab": true
        }
      ]
    },
    {
      "time": 15.8,
      "vehicles": [
        {
          "type": "freight_truck",
          "x": 722.282,
          "y": 80.028,
          "angle": 0.04,
          "speed": 0.782,
          "is_prefab": true
        }
      ]
    },
    {
      "time": 16.0,
      "vehicles": [
        {
          "type": "freight_truck",
          "x": 759.639,
          "y": 82.583,
          "angle": 0.047,
          "speed": 0.78,
          "is_prefab": true
        }
      ]
    },
    {
      "time": 16.2,
      "vehicles": [
        {
          "type": "freight_truck",
          "x": 796.248,
          "y": 84.33,
          "angle": 0.036,
          "speed": 0.739,
          "is_prefab": true
        }
      ]
    },
    {
      "time": 16.4,
      "vehicles": [
        {
          "type": "freight_truck",
          "x": 833.201,
          "y": 83.942,
          "angle": 0.017,
          "speed": 0.775,
          "is_prefab": true
        }
      ]
    },
    {
      "time": 16.6,
      "vehicles": [
        {
          "type": "freight_truck",
          "x": 870.235,
          "y": 84.91,
          "angle": -0.0,
          "speed": 0.776,
          "is_prefab": true
        }
      ]
    },
    {
      "time": 16.8,
      "vehicles": [
        {
          "type": "freight_truck",
          "x": 907.448,
          "y": 85.649,
          "angle": -0.019,
          "speed": 0.771,
          "is_prefab": true
        }
      ]
    },
    {
      "time": 17.0,
      "vehicles": [
        {
          "type": "freight_truck",
          "x": 944.487,
          "y": 85.335,
          "angle": -0.023,
          "speed": 0.783,
          "is_prefab": true
        }
      ]
    },
    {
      "time": 17.2,
      "vehicles": [
        {
          "type": "freight_truck",
          "x": 982.258,
          "y": 83.0,
          "angle": -0.018,
          "speed": 0.788,
          "is_prefab": true
        }
      ]
    },
    {
      "time": 17.4,
      "vehicles": [
        {
          "type": "freight_truck",
          "x": 1020.121,
          "y": 81.617,
          "angle": -0.014,
          "speed": 0.788,
          "is_prefab": true
        }
      ]
    },
    {
      "time": 17.6,
      "vehicles": [
        {
          "type": "freight_truck",
          "x": 1058.038,
          "y": 80.566,
          "angle": -0.01,
          "speed": 0.789,
          "is_prefab": true
        }
      ]
    },
    {
      "time": 17.8,
      "vehicles": [
        {
          "type": "freight_truck",
          "x": 1095.825,
          "y": 79.308,
          "angle": -0.01,
          "speed": 0.785,
          "is_prefab": true
        }
      ]
    },
    {
      "time": 18.0,
      "vehicles": [
        {
          "type": "freight_truck",
          "x": 1133.433,
          "y": 77.907,
          "angle": -0.015,
          "speed": 0.785,
          "is_prefab": true
        }
      ]
    },
    {
      "time": 18.2,
      "vehicles": [
        {
          "type": "freight_truck",
          "x": 1171.102,
          "y": 76.642,
          "angle": -0.02,
          "speed": 0.786,
          "is_prefab": true
        }
      ]
    },
    {
      "time": 18.4,
      "vehicles": [
        {
          "type": "freight_truck",
          "x": 1208.815,
          "y": 75.541,
          "angle": -0.024,
          "speed": 0.787,
          "is_prefab": true
        }
      ]
    },
    {
      "time": 18.6,
      "vehicles": [
        {
          "type": "freight_truck",
          "x": 1246.485,
          "y": 74.523,
          "angle": -0.028,
          "speed": 0.787,
          "is_prefab": true
        }
      ]
    },
    {
      "time": 18.8,
      "vehicles": [
        {
          "type": "freight_truck",
          "x": 1284.433,
          "y": 72.682,
          "angle": -0.024,
          "speed": 0.792,
          "is_prefab": true
        }
      ]
    },
    {
      "time": 19.0,
      "vehicles": [
        {
          "type": "freight_truck",
          "x": 1322.443,
          "y": 71.313,
          "angle": -0.021,
          "speed": 0.793,
          "is_prefab": true
        }
      ]
    },
    {
      "time": 19.2,
      "vehicles": [
        {
          "type": "freight_truck",
          "x": 1360.504,
          "y": 70.162,
          "angle": -0.018,
          "speed": 0.794,
          "is_prefab": true
        }
      ]
    },
    {
      "time": 19.4,
      "vehicles": [
        {
          "type": "freight_truck",
          "x": 1398.614,
          "y": 69.228,
          "angle": -0.015,
          "speed": 0.787,
          "is_prefab": true
        }
      ]
    },
    {
      "time": 19.6,
      "vehicles": [
        {
          "type": "freight_truck",
          "x": 1436.883,
          "y": 68.821,
          "angle": -0.01,
          "speed": 0.794,
          "is_prefab": true
        }
      ]
    },
    {
      "time": 19.8,
      "vehicles": [
        {
          "type": "freight_truck",
          "x": 1475.14,
          "y": 68.5,
          "angle": -0.006,
          "speed": 0.794,
          "is_prefab": true
        }
      ]
    },
    {
      "time": 20.0,
      "vehicles": [
        {
          "type": "freight_truck",
          "x": 1513.401,
          "y": 68.241,
          "angle": -0.003,
          "speed": 0.795,
          "is_prefab": true
        }
      ]
    },
    {
      "time": 20.2,
      "vehicles": [
        {
          "type": "freight_truck",
          "x": 1551.67,
          "y": 68.042,
          "angle": -0.001,
          "speed": 0.798,
          "is_prefab": true
        }
      ]
    },
    {
      "time": 20.4,
      "vehicles": [
        {
          "type": "freight_truck",
          "x": 1589.937,
          "y": 68.005,
          "angle": 0.0,
          "speed": 0.795,
          "is_prefab": true
        }
      ]
    },
    {
      "time": 20.6,
      "vehicles": [
        {
          "type": "freight_truck",
          "x": 1614.435,
          "y": 68.004,
          "angle": 0.0,
          "speed": 0.005,
          "is_prefab": true
        }
      ]
    },
    {
      "time": 20.8,
      "vehicles": [
        {
          "type": "freight_truck",
          "x": 1614.508,
          "y": 68.004,
          "angle": 0.0,
          "speed": 0.004,
          "is_prefab": true
        }
      ]
    },
    {
      "time": 21.0,
      "vehicles": [
        {
          "type": "freight_truck",
          "x": 1614.579,
          "y": 68.004,
          "angle": 0.0,
          "speed": 0.004,
          "is_prefab": true
        }
      ]
    },
    {
      "time": 21.2,
      "vehicles": [
        {
          "type": "freight_truck",
          "x": 1614.651,
          "y": 68.004,
          "angle": 0.0,
          "speed": 0.004,
          "is_prefab": true
        }
      ]
    }
  ]
}