{
  "final_status": "VICTORY",
  "duration": 24.249,
  "stats": {
    "state": "victory",
    "elapsed_time": 24.242,
    "time_limit": 60.0,
    "prefab_total": {
      "freight_truck": 1,
      "coach_bus": 1,
      "wheeled_car": 3
    },
    "prefab_delivered": {
      "wheeled_car": 3,
      "coach_bus": 1,
      "freight_truck": 1
    },
    "failed_vehicles_count": 0,
    "is_victory": true,
    "is_failure": false,
    "is_running": false,
    "final_cost": 6213.134,
    "original_cost": 6213.134,
    "cost_doubled": false,
    "bridge_breakages": 0
  },
  "events": [
    {
      "type": "SESSION_START",
      "data": {
        "prefab_vehicles_total": {
          "freight_truck": 1,
          "coach_bus": 1,
          "wheeled_car": 3
        },
        "time": 0.0
      }
    },
    {
      "type": "VEHICLE_DELIVERED",
      "data": {
        "vehicle_type": "wheeled_car",
        "current_count": 1,
        "total_count": 3,
        "time": 11.433
      }
    },
    {
      "type": "VEHICLE_DELIVERED",
      "data": {
        "vehicle_type": "wheeled_car",
        "current_count": 2,
        "total_count": 3,
        "time": 12.973
      }
    },
    {
      "type": "VEHICLE_DELIVERED",
      "data": {
        "vehicle_type": "wheeled_car",
        "current_count": 3,
        "total_count": 3,
        "time": 14.528
      }
    },
    {
      "type": "VEHICLE_DELIVERED",
      "data": {
        "vehicle_type": "coach_bus",
        "current_count": 1,
        "total_count": 1,
        "time": 18.579
      }
    },
    {
      "type": "VEHICLE_DELIVERED",
      "data": {
        "vehicle_type": "freight_truck",
        "current_count": 1,
        "total_count": 1,
        "time": 24.242
      }
    },
    {
      "type": "GAME_VICTORY",
      "data": {
        "time": 24.242
      }
    },
    {
      "type": "SESSION_END",
      "data": {
        "final_status": "VICTORY",
        "session_duration": 24.249,
        "stats": {
          "state": "victory",
          "elapsed_time": 24.242,
          "time_limit": 60.0,
          "prefab_total": {
            "freight_truck": 1,
            "coach_bus": 1,
            "wheeled_car": 3
          },
          "prefab_delivered": {
            "wheeled_car": 3,
            "coach_bus": 1,
            "freight_truck": 1
          },
          "failed_vehicles_count": 0,
          "is_victory": true,
          "is_failure": false,
          "is_running": false,
          "final_cost": 6213.134,
          "original_cost": 6213.134,
          "cost_doubled": false,
          "bridge_breakages": 0
        },
        "total_events": 7,
        "time": 24.249
      }
    }
  ],
  "vehicle_positions": [
    {
      "time": 0.217,
      "vehicles": [
        {
          "type": "freight_truck",
          "x": -1759.984,
          "y": 68.484,
          "angle": -0.0,
          "speed": 1.065,
          "is_prefab": true
        },
        {
          "type": "coach_bus",
          "x": -1479.906,
          "y": 76.408,
          "angle": -0.0,
          "speed": 1.201,
          "is_prefab": true
        },
        {
          "type": "wheeled_car",
          "x": -1799.906,
          "y": -227.997,
          "angle": 0.001,
          "speed": 0.006,
          "is_prefab": true
        },
        {
          "type": "wheeled_car",
          "x": -1639.906,
          "y": -227.997,
          "angle": 0.001,
          "speed": 0.006,
          "is_prefab": true
        },
        {
          "type": "wheeled_car",
          "x": -1464.644,
          "y": -227.997,
          "angle": 0.001,
          "speed": 1.179,
          "is_prefab": true
        }
      ]
    },
    {
      "time": 0.417,
      "vehicles": [
        {
          "type": "freight_truck",
          "x": -1756.032,
          "y": 68.135,
          "angle": -0.0,
          "speed": 0.379,
          "is_prefab": true
        },
        {
          "type": "coach_bus",
          "x": -1451.885,
          "y": 76.004,
          "angle": 0.0,
          "speed": 0.935,
          "is_prefab": true
        },
        {
          "type": "wheeled_car",
          "x": -1799.84,
          "y": -227.993,
          "angle": 0.001,
          "speed": 0.001,
          "is_prefab": true
        },
        {
          "type": "wheeled_car",
          "x": -1639.376,
          "y": -227.993,
          "angle": 0.001,
          "speed": 0.282,
          "is_prefab": true
        },
        {
          "type": "wheeled_car",
          "x": -1405.672,
          "y": -227.993,
          "angle": 0.001,
          "speed": 1.234,
          "is_prefab": true
        }
      ]
    },
    {
      "time": 0.617,
      "vehicles": [
        {
          "type": "freight_truck",
          "x": -1739.833,
          "y": 68.005,
          "angle": 0.0,
          "speed": 0.389,
          "is_prefab": true
        },
        {
          "type": "coach_bus",
          "x": -1406.865,
          "y": 76.004,
          "angle": 0.0,
          "speed": 0.938,
          "is_prefab": true
        },
        {
          "type": "wheeled_car",
          "x": -1799.772,
          "y": -228.0,
          "angle": 0.001,
          "speed": 0.002,
          "is_prefab": true
        },
        {
          "type": "wheeled_car",
          "x": -1612.038,
          "y": -228.0,
          "angle": 0.001,
          "speed": 0.656,
          "is_prefab": true
        },
        {
          "type": "wheeled_car",
          "x": -1346.292,
          "y": -227.887,
          "angle": 0.003,
          "speed": 1.254,
          "is_prefab": true
        }
      ]
    },
    {
      "time": 0.817,
      "vehicles": [
        {
          "type": "freight_truck",
          "x": -1711.077,
          "y": 68.005,
          "angle": 0.0,
          "speed": 0.733,
          "is_prefab": true
        },
        {
          "type": "coach_bus",
          "x": -1367.177,
          "y": 70.543,
          "angle": -0.08,
          "speed": 0.852,
          "is_prefab": true
        },
        {
          "type": "wheeled_car",
          "x": -1799.622,
          "y": -227.998,
          "angle": 0.001,
          "speed": 0.155,
          "is_prefab": true
        },
        {
          "type": "wheeled_car",
          "x": -1568.262,
          "y": -227.998,
          "angle": 0.001,
          "speed": 1.234,
          "is_prefab": true
        },
        {
          "type": "wheeled_car",
          "x": -1283.276,
          "y": -220.161,
          "angle": 0.23,
          "speed": 1.39,
          "is_prefab": true
        }
      ]
    },
    {
      "time": 1.017,
      "vehicles": [
        {
          "type": "freight_truck",
          "x": -1675.812,
          "y": 68.004,
          "angle": 0.0,
          "speed": 0.735,
          "is_prefab": true
        },
        {
          "type": "coach_bus",
          "x": -1328.643,
          "y": 62.926,
          "angle": -0.196,
          "speed": 0.836,
          "is_prefab": true
        },
        {
          "type": "wheeled_car",
          "x": -1773.286,
          "y": -227.997,
          "angle": 0.001,
          "speed": 0.648,
          "is_prefab": true
        },
        {
          "type": "wheeled_car",
          "x": -1509.008,
          "y": -227.997,
          "angle": 0.001,
          "speed": 1.234,
          "is_prefab": true
        },
        {
          "type": "wheeled_car",
          "x": -1218.533,
          "y": -172.084,
          "angle": 0.532,
          "speed": 2.125,
          "is_prefab": true
        }
      ]
    },
    {
      "time": 1.217,
      "vehicles": [
        {
          "type": "freight_truck",
          "x": -1640.464,
          "y": 68.004,
          "angle": 0.0,
          "speed": 0.737,
          "is_prefab": true
        },
        {
          "type": "coach_bus",
          "x": -1290.495,
          "y": 55.897,
          "angle": -0.314,
          "speed": 0.288,
          "is_prefab": true
        },
        {
          "type": "wheeled_car",
          "x": -1731.746,
          "y": -228.0,
          "angle": 0.001,
          "speed": 1.228,
          "is_prefab": true
        },
        {
          "type": "wheeled_car",
          "x": -1449.659,
          "y": -228.0,
          "angle": 0.001,
          "speed": 1.239,
          "is_prefab": true
        },
        {
          "type": "wheeled_car",
          "x": -1153.79,
          "y": -61.223,
          "angle": 0.719,
          "speed": 3.244,
          "is_prefab": true
        }
      ]
    },
    {
      "time": 1.417,
      "vehicles": [
        {
          "type": "freight_truck",
          "x": -1614.832,
          "y": 68.004,
          "angle": 0.0,
          "speed": 0.39,
          "is_prefab": true
        },
        {
          "type": "coach_bus",
          "x": -1289.608,
          "y": 55.864,
          "angle": -0.316,
          "speed": 0.022,
          "is_prefab": true
        },
        {
          "type": "wheeled_car",
          "x": -1672.512,
          "y": -227.995,
          "angle": 0.001,
          "speed": 1.234,
          "is_prefab": true
        },
        {
          "type": "wheeled_car",
          "x": -1390.226,
          "y": -227.995,
          "angle": 0.001,
          "speed": 1.237,
          "is_prefab": true
        },
        {
          "type": "wheeled_car",
          "x": -1125.961,
          "y": -2.434,
          "angle": 0.583,
          "speed": 0.35,
          "is_prefab": true
        }
      ]
    },
    {
      "time": 1.617,
      "vehicles": [
        {
          "type": "freight_truck",
          "x": -1597.018,
          "y": 68.004,
          "angle": 0.0,
          "speed": 0.352,
          "is_prefab": true
        },
        {
          "type": "coach_bus",
          "x": -1289.876,
          "y": 55.884,
          "angle": -0.313,
          "speed": 0.004,
          "is_prefab": true
        },
        {
          "type": "wheeled_car",
          "x": -1613.166,
          "y": -227.997,
          "angle": 0.001,
          "speed": 1.236,
          "is_prefab": true
        },
        {
          "type": "wheeled_car",
          "x": -1330.23,
          "y": -227.118,
          "angle": 0.026,
          "speed": 1.301,
          "is_prefab": true
        },
        {
          "type": "wheeled_car",
          "x": -1087.299,
          "y": -8.517,
          "angle": 0.388,
          "speed": 0.871,
          "is_prefab": true
        }
      ]
    },
    {
      "time": 1.817,
      "vehicles": [
        {
          "type": "freight_truck",
          "x": -1580.954,
          "y": 68.003,
          "angle": 0.0,
          "speed": 0.317,
          "is_prefab": true
        },
        {
          "type": "coach_bus",
          "x": -1290.219,
          "y": 55.913,
          "angle": -0.313,
          "speed": 0.004,
          "is_prefab": true
        },
        {
          "type": "wheeled_car",
          "x": -1553.741,
          "y": -228.0,
          "angle": 0.001,
          "speed": 1.24,
          "is_prefab": true
        },
        {
          "type": "wheeled_car",
          "x": -1266.108,
          "y": -213.804,
          "angle": 0.323,
          "speed": 1.51,
          "is_prefab": true
        },
        {
          "type": "wheeled_car",
          "x": -1038.55,
          "y": -7.834,
          "angle": 0.006,
          "speed": 1.058,
          "is_prefab": true
        }
      ]
    },
    {
      "time": 2.017,
      "vehicles": [
        {
          "type": "freight_truck",
          "x": -1572.702,
          "y": 68.006,
          "angle": 0.0,
          "speed": 0.301,
          "is_prefab": true
        },
        {
          "type": "coach_bus",
          "x": -1280.652,
          "y": 54.248,
          "angle": -0.342,
          "speed": 0.405,
          "is_prefab": true
        },
        {
          "type": "wheeled_car",
          "x": -1494.234,
          "y": -227.995,
          "angle": 0.001,
          "speed": 1.239,
          "is_prefab": true
        },
        {
          "type": "wheeled_car",
          "x": -1201.106,
          "y": -149.735,
          "angle": 0.592,
          "speed": 2.395,
          "is_prefab": true
        },
        {
          "type": "wheeled_car",
          "x": -986.959,
          "y": -14.477,
          "angle": -0.273,
          "speed": 1.244,
          "is_prefab": true
        }
      ]
    },
    {
      "time": 2.217,
      "vehicles": [
        {
          "type": "freight_truck",
          "x": -1557.875,
          "y": 68.005,
          "angle": 0.0,
          "speed": 0.306,
          "is_prefab": true
        },
        {
          "type": "coach_bus",
          "x": -1267.233,
          "y": 51.626,
          "angle": -0.378,
          "speed": 0.006,
          "is_prefab": true
        },
        {
          "type": "wheeled_car",
          "x": -1434.656,
          "y": -227.997,
          "angle": 0.001,
          "speed": 1.241,
          "is_prefab": true
        },
        {
          "type": "wheeled_car",
          "x": -1136.105,
          "y": -22.881,
          "angle": 0.759,
          "speed": 3.551,
          "is_prefab": true
        },
        {
          "type": "wheeled_car",
          "x": -926.472,
          "y": -22.213,
          "angle": -0.141,
          "speed": 1.229,
          "is_prefab": true
        }
      ]
    },
    {
      "time": 2.417,
      "vehicles": [
        {
          "type": "freight_truck",
          "x": -1555.732,
          "y": 68.005,
          "angle": 0.0,
          "speed": 0.002,
          "is_prefab": true
        },
        {
          "type": "coach_bus",
          "x": -1267.628,
          "y": 51.838,
          "angle": -0.378,
          "speed": 0.005,
          "is_prefab": true
        },
        {
          "type": "wheeled_car",
          "x": -1375.004,
          "y": -228.0,
          "angle": 0.001,
          "speed": 1.245,
          "is_prefab": true
        },
        {
          "type": "wheeled_car",
          "x": -1114.294,
          "y": -2.896,
          "angle": 0.52,
          "speed": 0.782,
          "is_prefab": true
        },
        {
          "type": "wheeled_car",
          "x": -868.485,
          "y": -29.5,
          "angle": -0.126,
          "speed": 1.26,
          "is_prefab": true
        }
      ]
    },
    {
      "time": 2.617,
      "vehicles": [
        {
          "type": "freight_truck",
          "x": -1555.66,
          "y": 68.004,
          "angle": 0.0,
          "speed": 0.002,
          "is_prefab": true
        },
        {
          "type": "coach_bus",
          "x": -1268.018,
          "y": 51.97,
          "angle": -0.378,
          "speed": 0.004,
          "is_prefab": true
        },
        {
          "type": "wheeled_car",
          "x": -1313.852,
          "y": -225.384,
          "angle": 0.079,
          "speed": 1.342,
          "is_prefab": true
        },
        {
          "type": "wheeled_car",
          "x": -1072.782,
          "y": -7.313,
          "angle": 0.229,
          "speed": 1.028,
          "is_prefab": true
        },
        {
          "type": "wheeled_car",
          "x": -808.593,
          "y": -36.621,
          "angle": -0.105,
          "speed": 1.256,
          "is_prefab": true
        }
      ]
    },
    {
      "time": 2.817,
      "vehicles": [
        {
          "type": "freight_truck",
          "x": -1555.588,
          "y": 68.004,
          "angle": 0.0,
          "speed": 0.002,
          "is_prefab": true
        },
        {
          "type": "coach_bus",
          "x": -1268.351,
          "y": 52.186,
          "angle": -0.377,
          "speed": 0.005,
          "is_prefab": true
        },
        {
          "type": "wheeled_car",
          "x": -1249.018,
          "y": -202.668,
          "angle": 0.41,
          "speed": 1.698,
          "is_prefab": true
        },
        {
          "type": "wheeled_car",
          "x": -1034.29,
          "y": -4.197,
          "angle": -0.212,
          "speed": 1.032,
          "is_prefab": true
        },
        {
          "type": "wheeled_car",
          "x": -748.546,
          "y": -42.034,
          "angle": -0.09,
          "speed": 1.224,
          "is_prefab": true
        }
      ]
    },
    {
      "time": 3.017,
      "vehicles": [
        {
          "type": "freight_truck",
          "x": -1554.319,
          "y": 68.004,
          "angle": 0.0,
          "speed": 0.249,
          "is_prefab": true
        },
        {
          "type": "coach_bus",
          "x": -1263.488,
          "y": 50.186,
          "angle": -0.378,
          "speed": 0.396,
          "is_prefab": true
        },
        {
          "type": "wheeled_car",
          "x": -1183.882,
          "y": -121.617,
          "angle": 0.646,
          "speed": 2.695,
          "is_prefab": true
        },
        {
          "type": "wheeled_car",
          "x": -976.815,
          "y": -15.821,
          "angle": -0.215,
          "speed": 1.329,
          "is_prefab": true
        },
        {
          "type": "wheeled_car",
          "x": -690.286,
          "y": -45.017,
          "angle": -0.065,
          "speed": 1.165,
          "is_prefab": true
        }
      ]
    },
    {
      "time": 3.217,
      "vehicles": [
        {
          "type": "freight_truck",
          "x": -1544.6,
          "y": 68.004,
          "angle": 0.0,
          "speed": 0.002,
          "is_prefab": true
        },
        {
          "type": "coach_bus",
          "x": -1256.543,
          "y": 47.894,
          "angle": -0.374,
          "speed": 0.08,
          "is_prefab": true
        },
        {
          "type": "wheeled_car",
          "x": -1126.837,
          "y": -3.729,
          "angle": 0.723,
          "speed": 0.11,
          "is_prefab": true
        },
        {
          "type": "wheeled_car",
          "x": -918.949,
          "y": -26.348,
          "angle": -0.202,
          "speed": 1.08,
          "is_prefab": true
        },
        {
          "type": "wheeled_car",
          "x": -636.016,
          "y": -50.909,
          "angle": -0.167,
          "speed": 1.143,
          "is_prefab": true
        }
      ]
    },
    {
      "time": 3.417,
      "vehicles": [
        {
          "type": "freight_truck",
          "x": -1544.529,
          "y": 68.004,
          "angle": 0.0,
          "speed": 0.002,
          "is_prefab": true
        },
        {
          "type": "coach_bus",
          "x": -1257.159,
          "y": 47.719,
          "angle": -0.377,
          "speed": 0.004,
          "is_prefab": true
        },
        {
          "type": "wheeled_car",
          "x": -1105.091,
          "y": -8.399,
          "angle": 0.494,
          "speed": 1.042,
          "is_prefab": true
        },
        {
          "type": "wheeled_car",
          "x": -860.766,
          "y": -34.011,
          "angle": -0.069,
          "speed": 1.203,
          "is_prefab": true
        },
        {
          "type": "wheeled_car",
          "x": -582.482,
          "y": -61.54,
          "angle": -0.25,
          "speed": 1.223,
          "is_prefab": true
        }
      ]
    },
    {
      "time": 3.617,
      "vehicles": [
        {
          "type": "freight_truck",
          "x": -1544.457,
          "y": 68.003,
          "angle": 0.0,
          "speed": 0.002,
          "is_prefab": true
        },
        {
          "type": "coach_bus",
          "x": -1257.571,
          "y": 47.834,
          "angle": -0.378,
          "speed": 0.003,
          "is_prefab": true
        },
        {
          "type": "wheeled_car",
          "x": -1058.949,
          "y": -10.206,
          "angle": 0.213,
          "speed": 0.674,
          "is_prefab": true
        },
        {
          "type": "wheeled_car",
          "x": -802.591,
          "y": -37.476,
          "angle": -0.076,
          "speed": 1.234,
          "is_prefab": true
        },
        {
          "type": "wheeled_car",
          "x": -525.215,
          "y": -77.988,
          "angle": -0.24,
          "speed": 1.258,
          "is_prefab": true
        }
      ]
    },
    {
      "time": 3.817,
      "vehicles": [
        {
          "type": "freight_truck",
          "x": -1544.388,
          "y": 68.006,
          "angle": 0.0,
          "speed": 0.003,
          "is_prefab": true
        },
        {
          "type": "coach_bus",
          "x": -1257.904,
          "y": 48.054,
          "angle": -0.377,
          "speed": 0.005,
          "is_prefab": true
        },
        {
          "type": "wheeled_car",
          "x": -1027.189,
          "y": -6.176,
          "angle": -0.221,
          "speed": 1.024,
          "is_prefab": true
        },
        {
          "type": "wheeled_car",
          "x": -742.737,
          "y": -41.78,
          "angle": -0.073,
          "speed": 1.221,
          "is_prefab": true
        },
        {
          "type": "wheeled_car",
          "x": -467.313,
          "y": -91.83,
          "angle": -0.241,
          "speed": 1.242,
          "is_prefab": true
        }
      ]
    },
    {
      "time": 4.017,
      "vehicles": [
        {
          "type": "freight_truck",
          "x": -1543.953,
          "y": 68.005,
          "angle": 0.0,
          "speed": 0.184,
          "is_prefab": true
        },
        {
          "type": "coach_bus",
          "x": -1254.115,
          "y": 46.466,
          "angle": -0.378,
          "speed": 0.388,
          "is_prefab": true
        },
        {
          "type": "wheeled_car",
          "x": -969.568,
          "y": -17.867,
          "angle": -0.223,
          "speed": 1.334,
          "is_prefab": true
        },
        {
          "type": "wheeled_car",
          "x": -684.001,
          "y": -44.802,
          "angle": -0.057,
          "speed": 1.172,
          "is_prefab": true
        },
        {
          "type": "wheeled_car",
          "x": -408.379,
          "y": -104.586,
          "angle": -0.202,
          "speed": 1.322,
          "is_prefab": true
        }
      ]
    },
    {
      "time": 4.217,
      "vehicles": [
        {
          "type": "freight_truck",
          "x": -1529.834,
          "y": 68.005,
          "angle": 0.0,
          "speed": 0.316,
          "is_prefab": true
        },
        {
          "type": "coach_bus",
          "x": -1232.896,
          "y": 38.041,
          "angle": -0.378,
          "speed": 0.828,
          "is_prefab": true
        },
        {
          "type": "wheeled_car",
          "x": -911.54,
          "y": -28.106,
          "angle": -0.197,
          "speed": 1.113,
          "is_prefab": true
        },
        {
          "type": "wheeled_car",
          "x": -630.466,
          "y": -51.485,
          "angle": -0.182,
          "speed": 1.176,
          "is_prefab": true
        },
        {
          "type": "wheeled_car",
          "x": -343.385,
          "y": -104.433,
          "angle": 0.106,
          "speed": 1.448,
          "is_prefab": true
        }
      ]
    },
    {
      "time": 4.417,
      "vehicles": [
        {
          "type": "freight_truck",
          "x": -1513.359,
          "y": 68.004,
          "angle": 0.0,
          "speed": 0.372,
          "is_prefab": true
        },
        {
          "type": "coach_bus",
          "x": -1193.518,
          "y": 22.506,
          "angle": -0.377,
          "speed": 0.926,
          "is_prefab": true
        },
        {
          "type": "wheeled_car",
          "x": -856.12,
          "y": -34.445,
          "angle": -0.062,
          "speed": 1.24,
          "is_prefab": true
        },
        {
          "type": "wheeled_car",
          "x": -576.06,
          "y": -63.397,
          "angle": -0.249,
          "speed": 1.248,
          "is_prefab": true
        },
        {
          "type": "wheeled_car",
          "x": -277.378,
          "y": -50.682,
          "angle": 0.357,
          "speed": 2.234,
          "is_prefab": true
        }
      ]
    },
    {
      "time": 4.617,
      "vehicles": [
        {
          "type": "freight_truck",
          "x": -1489.49,
          "y": 68.004,
          "angle": 0.0,
          "speed": 0.729,
          "is_prefab": true
        },
        {
          "type": "coach_bus",
          "x": -1150.152,
          "y": 10.458,
          "angle": -0.309,
          "speed": 0.945,
          "is_prefab": true
        },
        {
          "type": "wheeled_car",
          "x": -796.71,
          "y": -38.074,
          "angle": -0.07,
          "speed": 1.256,
          "is_prefab": true
        },
        {
          "type": "wheeled_car",
          "x": -518.617,
          "y": -79.134,
          "angle": -0.242,
          "speed": 1.249,
          "is_prefab": true
        },
        {
          "type": "wheeled_car",
          "x": -211.371,
          "y": 65.853,
          "angle": 0.512,
          "speed": 3.362,
          "is_prefab": true
        }
      ]
    },
    {
      "time": 4.817,
      "vehicles": [
        {
          "type": "freight_truck",
          "x": -1451.345,
          "y": 68.001,
          "angle": 0.0,
          "speed": 0.734,
          "is_prefab": true
        },
        {
          "type": "coach_bus",
          "x": -1103.328,
          "y": -3.134,
          "angle": -0.245,
          "speed": 0.939,
          "is_prefab": true
        },
        {
          "type": "wheeled_car",
          "x": -731.511,
          "y": -43.062,
          "angle": -0.069,
          "speed": 1.263,
          "is_prefab": true
        },
        {
          "type": "wheeled_car",
          "x": -456.039,
          "y": -94.69,
          "angle": -0.241,
          "speed": 1.243,
          "is_prefab": true
        },
        {
          "type": "wheeled_car",
          "x": -139.863,
          "y": 261.804,
          "angle": 0.613,
          "speed": 4.587,
          "is_prefab": true
        }
      ]
    },
    {
      "time": 5.017,
      "vehicles": [
        {
          "type": "freight_truck",
          "x": -1403.107,
          "y": 67.864,
          "angle": 0.0,
          "speed": 0.716,
          "is_prefab": true
        },
        {
          "type": "coach_bus",
          "x": -1043.439,
          "y": -18.82,
          "angle": -0.179,
          "speed": 0.939,
          "is_prefab": true
        },
        {
          "type": "wheeled_car",
          "x": -651.548,
          "y": -50.923,
          "angle": -0.108,
          "speed": 1.143,
          "is_prefab": true
        },
        {
          "type": "wheeled_car",
          "x": -373.023,
          "y": -109.995,
          "angle": -0.091,
          "speed": 1.336,
          "is_prefab": true
        },
        {
          "type": "wheeled_car",
          "x": -49.103,
          "y": 596.412,
          "angle": 0.685,
          "speed": 5.848,
          "is_prefab": true
        }
      ]
    },
    {
      "time": 5.217,
      "vehicles": [
        {
          "type": "freight_truck",
          "x": -1368.611,
          "y": 60.339,
          "angle": -0.101,
          "speed": 0.664,
          "is_prefab": true
        },
        {
          "type": "coach_bus",
          "x": -994.235,
          "y": -26.41,
          "angle": -0.173,
          "speed": 0.906,
          "is_prefab": true
        },
        {
          "type": "wheeled_car",
          "x": -586.999,
          "y": -63.202,
          "angle": -0.238,
          "speed": 1.234,
          "is_prefab": true
        },
        {
          "type": "wheeled_car",
          "x": -296.586,
          "y": -84.399,
          "angle": 0.151,
          "speed": 1.771,
          "is_prefab": true
        },
        {
          "type": "wheeled_car",
          "x": -6.362,
          "y": 727.455,
          "angle": -0.155,
          "speed": 0.52,
          "is_prefab": true
        }
      ]
    },
    {
      "time": 5.417,
      "vehicles": [
        {
          "type": "freight_truck",
          "x": -1337.932,
          "y": 54.635,
          "angle": -0.178,
          "speed": 0.635,
          "is_prefab": true
        },
        {
          "type": "coach_bus",
          "x": -953.704,
          "y": -31.877,
          "angle": -0.165,
          "speed": 0.793,
          "is_prefab": true
        },
        {
          "type": "wheeled_car",
          "x": -529.254,
          "y": -79.62,
          "angle": -0.221,
          "speed": 1.264,
          "is_prefab": true
        },
        {
          "type": "wheeled_car",
          "x": -232.191,
          "y": 3.13,
          "angle": 0.271,
          "speed": 2.805,
          "is_prefab": true
        },
        {
          "type": "wheeled_car",
          "x": 40.119,
          "y": 718.165,
          "angle": -0.539,
          "speed": 1.153,
          "is_prefab": true
        }
      ]
    },
    {
      "time": 5.617,
      "vehicles": [
        {
          "type": "freight_truck",
          "x": -1307.436,
          "y": 48.797,
          "angle": -0.256,
          "speed": 0.645,
          "is_prefab": true
        },
        {
          "type": "coach_bus",
          "x": -912.137,
          "y": -36.917,
          "angle": -0.149,
          "speed": 0.935,
          "is_prefab": true
        },
        {
          "type": "wheeled_car",
          "x": -470.778,
          "y": -93.477,
          "angle": -0.211,
          "speed": 1.255,
          "is_prefab": true
        },
        {
          "type": "wheeled_car",
          "x": -167.796,
          "y": 153.443,
          "angle": 0.345,
          "speed": 4.003,
          "is_prefab": true
        },
        {
          "type": "wheeled_car",
          "x": 100.517,
          "y": 718.149,
          "angle": -0.54,
          "speed": 1.353,
          "is_prefab": true
        }
      ]
    },
    {
      "time": 5.817,
      "vehicles": [
        {
          "type": "freight_truck",
          "x": -1270.026,
          "y": 42.176,
          "angle": -0.355,
          "speed": 0.667,
          "is_prefab": true
        },
        {
          "type": "coach_bus",
          "x": -858.444,
          "y": -45.556,
          "angle": -0.127,
          "speed": 0.949,
          "is_prefab": true
        },
        {
          "type": "wheeled_car",
          "x": -398.724,
          "y": -106.696,
          "angle": -0.157,
          "speed": 1.324,
          "is_prefab": true
        },
        {
          "type": "wheeled_car",
          "x": -89.985,
          "y": 411.889,
          "angle": 0.398,
          "speed": 5.254,
          "is_prefab": true
        },
        {
          "type": "wheeled_car",
          "x": 182.272,
          "y": 724.734,
          "angle": -0.248,
          "speed": 1.462,
          "is_prefab": true
        }
      ]
    },
    {
      "time": 6.017,
      "vehicles": [
        {
          "type": "freight_truck",
          "x": -1225.705,
          "y": 26.842,
          "angle": -0.377,
          "speed": 0.707,
          "is_prefab": true
        },
        {
          "type": "coach_bus",
          "x": -794.976,
          "y": -54.048,
          "angle": -0.094,
          "speed": 0.922,
          "is_prefab": true
        },
        {
          "type": "wheeled_car",
          "x": -305.987,
          "y": -92.78,
          "angle": 0.167,
          "speed": 1.585,
          "is_prefab": true
        },
        {
          "type": "wheeled_car",
          "x": -9.385,
          "y": 728.986,
          "angle": 0.153,
          "speed": 1.793,
          "is_prefab": true
        },
        {
          "type": "wheeled_car",
          "x": 252.537,
          "y": 698.644,
          "angle": -0.117,
          "speed": 1.165,
          "is_prefab": true
        }
      ]
    },
    {
      "time": 6.217,
      "vehicles": [
        {
          "type": "freight_truck",
          "x": -1193.264,
          "y": 15.905,
          "angle": -0.355,
          "speed": 0.728,
          "is_prefab": true
        },
        {
          "type": "coach_bus",
          "x": -750.089,
          "y": -55.533,
          "angle": -0.054,
          "speed": 0.981,
          "is_prefab": true
        },
        {
          "type": "wheeled_car",
          "x": -241.047,
          "y": -21.144,
          "angle": 0.304,
          "speed": 2.526,
          "is_prefab": true
        },
        {
          "type": "wheeled_car",
          "x": 1.711,
          "y": 712.681,
          "angle": -0.747,
          "speed": 0.783,
          "is_prefab": true
        },
        {
          "type": "wheeled_car",
          "x": 297.567,
          "y": 670.558,
          "angle": -0.311,
          "speed": 1.087,
          "is_prefab": true
        }
      ]
    },
    {
      "time": 6.417,
      "vehicles": [
        {
          "type": "freight_truck",
          "x": -1159.609,
          "y": 5.724,
          "angle": -0.319,
          "speed": 0.741,
          "is_prefab": true
        },
        {
          "type": "coach_bus",
          "x": -704.176,
          "y": -55.064,
          "angle": -0.015,
          "speed": 0.855,
          "is_prefab": true
        },
        {
          "type": "wheeled_car",
          "x": -176.107,
          "y": 113.276,
          "angle": 0.388,
          "speed": 3.697,
          "is_prefab": true
        },
        {
          "type": "wheeled_car",
          "x": 35.195,
          "y": 707.986,
          "angle": -1.001,
          "speed": 0.639,
          "is_prefab": true
        },
        {
          "type": "wheeled_car",
          "x": 343.199,
          "y": 648.073,
          "angle": -0.662,
          "speed": 0.982,
          "is_prefab": true
        }
      ]
    },
    {
      "time": 6.617,
      "vehicles": [
        {
          "type": "freight_truck",
          "x": -1121.07,
          "y": -6.058,
          "angle": -0.279,
          "speed": 0.745,
          "is_prefab": true
        },
        {
          "type": "coach_bus",
          "x": -659.034,
          "y": -64.386,
          "angle": -0.109,
          "speed": 0.855,
          "is_prefab": true
        },
        {
          "type": "wheeled_car",
          "x": -101.696,
          "y": 341.051,
          "angle": 0.446,
          "speed": 4.938,
          "is_prefab": true
        },
        {
          "type": "wheeled_car",
          "x": 66.734,
          "y": 708.229,
          "angle": -0.982,
          "speed": 0.514,
          "is_prefab": true
        },
        {
          "type": "wheeled_car",
          "x": 395.352,
          "y": 608.41,
          "angle": -0.677,
          "speed": 1.287,
          "is_prefab": true
        }
      ]
    },
    {
      "time": 6.817,
      "vehicles": [
        {
          "type": "freight_truck",
          "x": -1074.937,
          "y": -18.851,
          "angle": -0.216,
          "speed": 0.68,
          "is_prefab": true
        },
        {
          "type": "coach_bus",
          "x": -600.306,
          "y": -75.059,
          "angle": -0.218,
          "speed": 0.842,
          "is_prefab": true
        },
        {
          "type": "wheeled_car",
          "x": -8.344,
          "y": 715.969,
          "angle": 0.485,
          "speed": 6.206,
          "is_prefab": true
        },
        {
          "type": "wheeled_car",
          "x": 97.84,
          "y": 713.442,
          "angle": -0.716,
          "speed": 0.419,
          "is_prefab": true
        },
        {
          "type": "wheeled_car",
          "x": 464.984,
          "y": 564.069,
          "angle": -0.592,
          "speed": 1.152,
          "is_prefab": true
        }
      ]
    },
    {
      "time": 7.017,
      "vehicles": [
        {
          "type": "freight_truck",
          "x": -1039.532,
          "y": -27.581,
          "angle": -0.184,
          "speed": 0.726,
          "is_prefab": true
        },
        {
          "type": "coach_bus",
          "x": -560.656,
          "y": -79.26,
          "angle": -0.272,
          "speed": 0.758,
          "is_prefab": true
        },
        {
          "type": "wheeled_car",
          "x": -29.31,
          "y": 717.632,
          "angle": -0.569,
          "speed": 0.344,
          "is_prefab": true
        },
        {
          "type": "wheeled_car",
          "x": 138.675,
          "y": 722.767,
          "angle": -0.325,
          "speed": 1.539,
          "is_prefab": true
        },
        {
          "type": "wheeled_car",
          "x": 515.915,
          "y": 530.986,
          "angle": -0.583,
          "speed": 1.237,
          "is_prefab": true
        }
      ]
    },
    {
      "time": 7.217,
      "vehicles": [
        {
          "type": "freight_truck",
          "x": -1004.777,
          "y": -32.652,
          "angle": -0.174,
          "speed": 0.762,
          "is_prefab": true
        },
        {
          "type": "coach_bus",
          "x": -518.888,
          "y": -93.948,
          "angle": -0.243,
          "speed": 0.944,
          "is_prefab": true
        },
        {
          "type": "wheeled_car",
          "x": -40.484,
          "y": 709.807,
          "angle": -0.882,
          "speed": 0.212,
          "is_prefab": true
        },
        {
          "type": "wheeled_car",
          "x": 206.436,
          "y": 727.169,
          "angle": 0.075,
          "speed": 1.038,
          "is_prefab": true
        },
        {
          "type": "wheeled_car",
          "x": 565.015,
          "y": 498.799,
          "angle": -0.582,
          "speed": 1.238,
          "is_prefab": true
        }
      ]
    },
    {
      "time": 7.417,
      "vehicles": [
        {
          "type": "freight_truck",
          "x": -970.089,
          "y": -35.089,
          "angle": -0.15,
          "speed": 0.722,
          "is_prefab": true
        },
        {
          "type": "coach_bus",
          "x": -474.976,
          "y": -107.498,
          "angle": -0.21,
          "speed": 0.963,
          "is_prefab": true
        },
        {
          "type": "wheeled_car",
          "x": -47.68,
          "y": 710.509,
          "angle": -0.845,
          "speed": 0.112,
          "is_prefab": true
        },
        {
          "type": "wheeled_car",
          "x": 235.669,
          "y": 711.802,
          "angle": -0.136,
          "speed": 0.913,
          "is_prefab": true
        },
        {
          "type": "wheeled_car",
          "x": 614.082,
          "y": 467.086,
          "angle": -0.574,
          "speed": 1.267,
          "is_prefab": true
        }
      ]
    },
    {
      "time": 7.617,
      "vehicles": [
        {
          "type": "freight_truck",
          "x": -935.633,
          "y": -38.869,
          "angle": -0.14,
          "speed": 0.744,
          "is_prefab": true
        },
        {
          "type": "coach_bus",
          "x": -425.512,
          "y": -109.386,
          "angle": -0.074,
          "speed": 1.118,
          "is_prefab": true
        },
        {
          "type": "wheeled_car",
          "x": -48.181,
          "y": 717.108,
          "angle": -0.566,
          "speed": 0.272,
          "is_prefab": true
        },
        {
          "type": "wheeled_car",
          "x": 279.102,
          "y": 690.596,
          "angle": -0.502,
          "speed": 1.059,
          "is_prefab": true
        },
        {
          "type": "wheeled_car",
          "x": 669.254,
          "y": 439.085,
          "angle": -0.374,
          "speed": 1.214,
          "is_prefab": true
        }
      ]
    },
    {
      "time": 7.817,
      "vehicles": [
        {
          "type": "freight_truck",
          "x": -900.79,
          "y": -44.515,
          "angle": -0.147,
          "speed": 0.744,
          "is_prefab": true
        },
        {
          "type": "coach_bus",
          "x": -380.77,
          "y": -105.186,
          "angle": 0.146,
          "speed": 0.808,
          "is_prefab": true
        },
        {
          "type": "wheeled_car",
          "x": 3.025,
          "y": 727.563,
          "angle": -0.146,
          "speed": 1.517,
          "is_prefab": true
        },
        {
          "type": "wheeled_car",
          "x": 321.508,
          "y": 660.926,
          "angle": -0.728,
          "speed": 1.227,
          "is_prefab": true
        },
        {
          "type": "wheeled_car",
          "x": 722.965,
          "y": 416.504,
          "angle": -0.422,
          "speed": 1.09,
          "is_prefab": true
        }
      ]
    },
    {
      "time": 8.017,
      "vehicles": [
        {
          "type": "freight_truck",
          "x": -865.963,
          "y": -49.233,
          "angle": -0.137,
          "speed": 0.768,
          "is_prefab": true
        },
        {
          "type": "coach_bus",
          "x": -350.018,
          "y": -91.284,
          "angle": 0.372,
          "speed": 0.726,
          "is_prefab": true
        },
        {
          "type": "wheeled_car",
          "x": 67.639,
          "y": 728.561,
          "angle": 0.112,
          "speed": 1.256,
          "is_prefab": true
        },
        {
          "type": "wheeled_car",
          "x": 370.791,
          "y": 628.334,
          "angle": -0.615,
          "speed": 1.192,
          "is_prefab": true
        },
        {
          "type": "wheeled_car",
          "x": 776.433,
          "y": 393.378,
          "angle": -0.406,
          "speed": 1.257,
          "is_prefab": true
        }
      ]
    },
    {
      "time": 8.217,
      "vehicles": [
        {
          "type": "freight_truck",
          "x": -829.544,
          "y": -54.579,
          "angle": -0.107,
          "speed": 0.774,
          "is_prefab": true
        },
        {
          "type": "coach_bus",
          "x": -316.316,
          "y": -67.145,
          "angle": 0.752,
          "speed": 1.093,
          "is_prefab": true
        },
        {
          "type": "wheeled_car",
          "x": 124.471,
          "y": 731.228,
          "angle": -0.025,
          "speed": 1.222,
          "is_prefab": true
        },
        {
          "type": "wheeled_car",
          "x": 418.4,
          "y": 595.79,
          "angle": -0.58,
          "speed": 1.228,
          "is_prefab": true
        },
        {
          "type": "wheeled_car",
          "x": 831.247,
          "y": 369.693,
          "angle": -0.405,
          "speed": 1.254,
          "is_prefab": true
        }
      ]
    },
    {
      "time": 8.417,
      "vehicles": [
        {
          "type": "freight_truck",
          "x": -792.819,
          "y": -59.027,
          "angle": -0.077,
          "speed": 0.785,
          "is_prefab": true
        },
        {
          "type": "coach_bus",
          "x": -277.724,
          "y": 0.454,
          "angle": 1.086,
          "speed": 2.201,
          "is_prefab": true
        },
        {
          "type": "wheeled_car",
          "x": 184.381,
          "y": 731.983,
          "angle": -0.002,
          "speed": 1.249,
          "is_prefab": true
        },
        {
          "type": "wheeled_car",
          "x": 466.819,
          "y": 563.767,
          "angle": -0.586,
          "speed": 1.23,
          "is_prefab": true
        },
        {
          "type": "wheeled_car",
          "x": 885.733,
          "y": 346.301,
          "angle": -0.41,
          "speed": 1.183,
          "is_prefab": true
        }
      ]
    },
    {
      "time": 8.617,
      "vehicles": [
        {
          "type": "freight_truck",
          "x": -755.746,
          "y": -59.798,
          "angle": -0.05,
          "speed": 0.796,
          "is_prefab": true
        },
        {
          "type": "coach_bus",
          "x": -239.131,
          "y": 130.837,
          "angle": 1.293,
          "speed": 3.452,
          "is_prefab": true
        },
        {
          "type": "wheeled_car",
          "x": 229.459,
          "y": 718.134,
          "angle": -0.195,
          "speed": 0.995,
          "is_prefab": true
        },
        {
          "type": "wheeled_car",
          "x": 515.479,
          "y": 531.468,
          "angle": -0.585,
          "speed": 1.232,
          "is_prefab": true
        },
        {
          "type": "wheeled_car",
          "x": 940.235,
          "y": 322.835,
          "angle": -0.408,
          "speed": 1.196,
          "is_prefab": true
        }
      ]
    },
    {
      "time": 8.817,
      "vehicles": [
        {
          "type": "freight_truck",
          "x": -712.181,
          "y": -60.756,
          "angle": 0.004,
          "speed": 0.784,
          "is_prefab": true
        },
        {
          "type": "coach_bus",
          "x": -194.911,
          "y": 353.986,
          "angle": 1.434,
          "speed": 4.733,
          "is_prefab": true
        },
        {
          "type": "wheeled_car",
          "x": 279.778,
          "y": 695.552,
          "angle": -0.648,
          "speed": 0.83,
          "is_prefab": true
        },
        {
          "type": "wheeled_car",
          "x": 571.109,
          "y": 494.226,
          "angle": -0.585,
          "speed": 1.228,
          "is_prefab": true
        },
        {
          "type": "wheeled_car",
          "x": 1002.525,
          "y": 295.555,
          "angle": -0.407,
          "speed": 1.251,
          "is_prefab": true
        }
      ]
    },
    {
      "time": 9.017,
      "vehicles": [
        {
          "type": "freight_truck",
          "x": -668.669,
          "y": -69.046,
          "angle": -0.058,
          "speed": 0.659,
          "is_prefab": true
        },
        {
          "type": "coach_bus",
          "x": -122.317,
          "y": 637.347,
          "angle": 1.458,
          "speed": 2.674,
          "is_prefab": true
        },
        {
          "type": "wheeled_car",
          "x": 337.651,
          "y": 649.99,
          "angle": -0.701,
          "speed": 1.255,
          "is_prefab": true
        },
        {
          "type": "wheeled_car",
          "x": 639.358,
          "y": 451.751,
          "angle": -0.51,
          "speed": 1.267,
          "is_prefab": true
        },
        {
          "type": "wheeled_car",
          "x": 1076.736,
          "y": 263.484,
          "angle": -0.407,
          "speed": 1.242,
          "is_prefab": true
        }
      ]
    },
    {
      "time": 9.217,
      "vehicles": [
        {
          "type": "freight_truck",
          "x": -636.279,
          "y": -70.24,
          "angle": -0.14,
          "speed": 0.705,
          "is_prefab": true
        },
        {
          "type": "coach_bus",
          "x": -106.163,
          "y": 660.279,
          "angle": 0.983,
          "speed": 0.692,
          "is_prefab": true
        },
        {
          "type": "wheeled_car",
          "x": 385.134,
          "y": 618.878,
          "angle": -0.615,
          "speed": 1.158,
          "is_prefab": true
        },
        {
          "type": "wheeled_car",
          "x": 690.913,
          "y": 429.845,
          "angle": -0.388,
          "speed": 1.234,
          "is_prefab": true
        },
        {
          "type": "wheeled_car",
          "x": 1131.458,
          "y": 240.107,
          "angle": -0.407,
          "speed": 1.261,
          "is_prefab": true
        }
      ]
    },
    {
      "time": 9.417,
      "vehicles": [
        {
          "type": "freight_truck",
          "x": -603.383,
          "y": -75.546,
          "angle": -0.209,
          "speed": 0.704,
          "is_prefab": true
        },
        {
          "type": "coach_bus",
          "x": -100.94,
          "y": 686.14,
          "angle": 0.467,
          "speed": 0.533,
          "is_prefab": true
        },
        {
          "type": "wheeled_car",
          "x": 432.313,
          "y": 586.725,
          "angle": -0.584,
          "speed": 1.165,
          "is_prefab": true
        },
        {
          "type": "wheeled_car",
          "x": 744.466,
          "y": 407.404,
          "angle": -0.407,
          "speed": 1.246,
          "is_prefab": true
        },
        {
          "type": "wheeled_car",
          "x": 1186.118,
          "y": 216.534,
          "angle": -0.409,
          "speed": 1.258,
          "is_prefab": true
        }
      ]
    },
    {
      "time": 9.617,
      "vehicles": [
        {
          "type": "freight_truck",
          "x": -570.613,
          "y": -78.672,
          "angle": -0.289,
          "speed": 0.683,
          "is_prefab": true
        },
        {
          "type": "coach_bus",
          "x": -61.817,
          "y": 696.469,
          "angle": 0.309,
          "speed": 0.84,
          "is_prefab": true
        },
        {
          "type": "wheeled_car",
          "x": 479.916,
          "y": 555.172,
          "angle": -0.583,
          "speed": 1.21,
          "is_prefab": true
        },
        {
          "type": "wheeled_car",
          "x": 799.009,
          "y": 383.82,
          "angle": -0.407,
          "speed": 1.248,
          "is_prefab": true
        },
        {
          "type": "wheeled_car",
          "x": 1241.293,
          "y": 192.708,
          "angle": -0.407,
          "speed": 1.265,
          "is_prefab": true
        }
      ]
    },
    {
      "time": 9.817,
      "vehicles": [
        {
          "type": "freight_truck",
          "x": -537.393,
          "y": -86.56,
          "angle": -0.308,
          "speed": 0.759,
          "is_prefab": true
        },
        {
          "type": "coach_bus",
          "x": -25.777,
          "y": 708.642,
          "angle": 0.108,
          "speed": 0.803,
          "is_prefab": true
        },
        {
          "type": "wheeled_car",
          "x": 527.836,
          "y": 523.466,
          "angle": -0.581,
          "speed": 1.213,
          "is_prefab": true
        },
        {
          "type": "wheeled_car",
          "x": 853.674,
          "y": 360.368,
          "angle": -0.407,
          "speed": 1.25,
          "is_prefab": true
        },
        {
          "type": "wheeled_car",
          "x": 1296.492,
          "y": 168.818,
          "angle": -0.407,
          "speed": 1.266,
          "is_prefab": true
        }
      ]
    },
    {
      "time": 10.017,
      "vehicles": [
        {
          "type": "freight_truck",
          "x": -502.915,
          "y": -99.775,
          "angle": -0.266,
          "speed": 0.755,
          "is_prefab": true
        },
        {
          "type": "coach_bus",
          "x": 12.966,
          "y": 714.95,
          "angle": -0.016,
          "speed": 0.988,
          "is_prefab": true
        },
        {
          "type": "wheeled_car",
          "x": 575.976,
          "y": 491.873,
          "angle": -0.579,
          "speed": 1.215,
          "is_prefab": true
        },
        {
          "type": "wheeled_car",
          "x": 908.215,
          "y": 336.882,
          "angle": -0.409,
          "speed": 1.254,
          "is_prefab": true
        },
        {
          "type": "wheeled_car",
          "x": 1351.751,
          "y": 144.91,
          "angle": -0.407,
          "speed": 1.267,
          "is_prefab": true
        }
      ]
    },
    {
      "time": 10.217,
      "vehicles": [
        {
          "type": "freight_truck",
          "x": -468.546,
          "y": -108.993,
          "angle": -0.258,
          "speed": 0.802,
          "is_prefab": true
        },
        {
          "type": "coach_bus",
          "x": 58.545,
          "y": 716.002,
          "angle": 0.0,
          "speed": 0.944,
          "is_prefab": true
        },
        {
          "type": "wheeled_car",
          "x": 625.117,
          "y": 460.963,
          "angle": -0.543,
          "speed": 1.281,
          "is_prefab": true
        },
        {
          "type": "wheeled_car",
          "x": 962.922,
          "y": 313.123,
          "angle": -0.408,
          "speed": 1.254,
          "is_prefab": true
        },
        {
          "type": "wheeled_car",
          "x": 1407.079,
          "y": 121.016,
          "angle": -0.407,
          "speed": 1.268,
          "is_prefab": true
        }
      ]
    },
    {
      "time": 10.417,
      "vehicles": [
        {
          "type": "freight_truck",
          "x": -427.554,
          "y": -108.656,
          "angle": -0.123,
          "speed": 0.942,
          "is_prefab": true
        },
        {
          "type": "coach_bus",
          "x": 103.814,
          "y": 716.001,
          "angle": 0.0,
          "speed": 0.946,
          "is_prefab": true
        },
        {
          "type": "wheeled_car",
          "x": 678.959,
          "y": 433.827,
          "angle": -0.327,
          "speed": 1.278,
          "is_prefab": true
        },
        {
          "type": "wheeled_car",
          "x": 1017.716,
          "y": 289.487,
          "angle": -0.409,
          "speed": 1.255,
          "is_prefab": true
        },
        {
          "type": "wheeled_car",
          "x": 1463.087,
          "y": 97.693,
          "angle": -0.383,
          "speed": 1.324,
          "is_prefab": true
        }
      ]
    },
    {
      "time": 10.617,
      "vehicles": [
        {
          "type": "freight_truck",
          "x": -389.804,
          "y": -109.225,
          "angle": 0.051,
          "speed": 0.852,
          "is_prefab": true
        },
        {
          "type": "coach_bus",
          "x": 149.161,
          "y": 716.001,
          "angle": 0.0,
          "speed": 0.948,
          "is_prefab": true
        },
        {
          "type": "wheeled_car",
          "x": 732.377,
          "y": 412.641,
          "angle": -0.418,
          "speed": 1.049,
          "is_prefab": true
        },
        {
          "type": "wheeled_car",
          "x": 1072.638,
          "y": 265.814,
          "angle": -0.408,
          "speed": 1.252,
          "is_prefab": true
        },
        {
          "type": "wheeled_car",
          "x": 1526.38,
          "y": 84.963,
          "angle": -0.118,
          "speed": 1.37,
          "is_prefab": true
        }
      ]
    },
    {
      "time": 10.817,
      "vehicles": [
        {
          "type": "freight_truck",
          "x": -355.352,
          "y": -101.972,
          "angle": 0.196,
          "speed": 1.022,
          "is_prefab": true
        },
        {
          "type": "coach_bus",
          "x": 183.097,
          "y": 708.207,
          "angle": -0.105,
          "speed": 0.669,
          "is_prefab": true
        },
        {
          "type": "wheeled_car",
          "x": 784.618,
          "y": 389.98,
          "angle": -0.406,
          "speed": 1.209,
          "is_prefab": true
        },
        {
          "type": "wheeled_car",
          "x": 1127.57,
          "y": 242.112,
          "angle": -0.407,
          "speed": 1.261,
          "is_prefab": true
        },
        {
          "type": "wheeled_car",
          "x": 1554.791,
          "y": 90.231,
          "angle": 0.057,
          "speed": 0.031,
          "is_prefab": true
        }
      ]
    },
    {
      "time": 11.017,
      "vehicles": [
        {
          "type": "freight_truck",
          "x": -318.215,
          "y": -87.396,
          "angle": 0.449,
          "speed": 1.037,
          "is_prefab": true
        },
        {
          "type": "coach_bus",
          "x": 215.318,
          "y": 696.757,
          "angle": -0.298,
          "speed": 0.748,
          "is_prefab": true
        },
        {
          "type": "wheeled_car",
          "x": 838.428,
          "y": 366.62,
          "angle": -0.403,
          "speed": 1.235,
          "is_prefab": true
        },
        {
          "type": "wheeled_car",
          "x": 1181.916,
          "y": 218.741,
          "angle": -0.409,
          "speed": 1.257,
          "is_prefab": true
        },
        {
          "type": "wheeled_car",
          "x": 1553.741,
          "y": 91.959,
          "angle": 0.003,
          "speed": 0.046,
          "is_prefab": true
        }
      ]
    },
    {
      "time": 11.217,
      "vehicles": [
        {
          "type": "freight_truck",
          "x": -286.076,
          "y": -51.053,
          "angle": 0.774,
          "speed": 1.519,
          "is_prefab": true
        },
        {
          "type": "coach_bus",
          "x": 249.405,
          "y": 686.696,
          "angle": -0.488,
          "speed": 0.758,
          "is_prefab": true
        },
        {
          "type": "wheeled_car",
          "x": 892.456,
          "y": 343.43,
          "angle": -0.403,
          "speed": 1.233,
          "is_prefab": true
        },
        {
          "type": "wheeled_car",
          "x": 1236.616,
          "y": 195.112,
          "angle": -0.409,
          "speed": 1.256,
          "is_prefab": true
        },
        {
          "type": "wheeled_car",
          "x": 1553.763,
          "y": 92.005,
          "angle": 0.001,
          "speed": 0.005,
          "is_prefab": true
        }
      ]
    },
    {
      "time": 11.417,
      "vehicles": [
        {
          "type": "freight_truck",
          "x": -256.231,
          "y": 47.493,
          "angle": 0.999,
          "speed": 2.764,
          "is_prefab": true
        },
        {
          "type": "coach_bus",
          "x": 282.743,
          "y": 673.265,
          "angle": -0.643,
          "speed": 0.885,
          "is_prefab": true
        },
        {
          "type": "wheeled_car",
          "x": 946.306,
          "y": 320.353,
          "angle": -0.406,
          "speed": 1.22,
          "is_prefab": true
        },
        {
          "type": "wheeled_car",
          "x": 1291.138,
          "y": 171.44,
          "angle": -0.409,
          "speed": 0.959,
          "is_prefab": true
        },
        {
          "type": "wheeled_car",
          "x": 1553.833,
          "y": 92.002,
          "angle": 0.001,
          "speed": 0.008,
          "is_prefab": true
        }
      ]
    },
    {
      "time": 11.617,
      "vehicles": [
        {
          "type": "freight_truck",
          "x": -226.385,
          "y": 208.823,
          "angle": 1.138,
          "speed": 4.049,
          "is_prefab": true
        },
        {
          "type": "coach_bus",
          "x": 315.794,
          "y": 651.366,
          "angle": -0.623,
          "speed": 0.774,
          "is_prefab": true
        },
        {
          "type": "wheeled_car",
          "x": 1000.305,
          "y": 296.932,
          "angle": -0.406,
          "speed": 1.239,
          "is_prefab": true
        },
        {
          "type": "wheeled_car",
          "x": 1340.28,
          "y": 150.105,
          "angle": -0.409,
          "speed": 1.262,
          "is_prefab": true
        }
      ]
    },
    {
      "time": 11.817,
      "vehicles": [
        {
          "type": "freight_truck",
          "x": -187.835,
          "y": 499.203,
          "angle": 1.242,
          "speed": 5.346,
          "is_prefab": true
        },
        {
          "type": "coach_bus",
          "x": 359.613,
          "y": 620.574,
          "angle": -0.616,
          "speed": 0.905,
          "is_prefab": true
        },
        {
          "type": "wheeled_car",
          "x": 1069.914,
          "y": 266.28,
          "angle": -0.405,
          "speed": 1.234,
          "is_prefab": true
        },
        {
          "type": "wheeled_car",
          "x": 1411.363,
          "y": 119.125,
          "angle": -0.407,
          "speed": 1.256,
          "is_prefab": true
        }
      ]
    },
    {
      "time": 12.017,
      "vehicles": [
        {
          "type": "freight_truck",
          "x": -118.068,
          "y": 632.813,
          "angle": 1.14,
          "speed": 2.896,
          "is_prefab": true
        },
        {
          "type": "coach_bus",
          "x": 401.729,
          "y": 591.758,
          "angle": -0.608,
          "speed": 0.762,
          "is_prefab": true
        },
        {
          "type": "wheeled_car",
          "x": 1136.517,
          "y": 237.908,
          "angle": -0.406,
          "speed": 1.245,
          "is_prefab": true
        },
        {
          "type": "wheeled_car",
          "x": 1480.182,
          "y": 91.297,
          "angle": -0.356,
          "speed": 1.345,
          "is_prefab": true
        }
      ]
    },
    {
      "time": 12.217,
      "vehicles": [
        {
          "type": "freight_truck",
          "x": -114.621,
          "y": 654.874,
          "angle": 0.826,
          "speed": 2.351,
          "is_prefab": true
        },
        {
          "type": "coach_bus",
          "x": 433.128,
          "y": 570.742,
          "angle": -0.606,
          "speed": 0.912,
          "is_prefab": true
        },
        {
          "type": "wheeled_car",
          "x": 1190.301,
          "y": 214.538,
          "angle": -0.408,
          "speed": 1.241,
          "is_prefab": true
        },
        {
          "type": "wheeled_car",
          "x": 1544.048,
          "y": 88.29,
          "angle": -0.098,
          "speed": 1.443,
          "is_prefab": true
        }
      ]
    },
    {
      "time": 12.417,
      "vehicles": [
        {
          "type": "freight_truck",
          "x": -137.208,
          "y": 675.283,
          "angle": 0.353,
          "speed": 0.307,
          "is_prefab": true
        },
        {
          "type": "coach_bus",
          "x": 468.76,
          "y": 546.221,
          "angle": -0.603,
          "speed": 0.931,
          "is_prefab": true
        },
        {
          "type": "wheeled_car",
          "x": 1244.665,
          "y": 190.85,
          "angle": -0.406,
          "speed": 1.246,
          "is_prefab": true
        },
        {
          "type": "wheeled_car",
          "x": 1557.446,
          "y": 90.129,
          "angle": 0.061,
          "speed": 0.063,
          "is_prefab": true
        }
      ]
    },
    {
      "time": 12.617,
      "vehicles": [
        {
          "type": "freight_truck",
          "x": -130.153,
          "y": 643.537,
          "angle": 0.078,
          "speed": 0.793,
          "is_prefab": true
        },
        {
          "type": "coach_bus",
          "x": 504.938,
          "y": 521.74,
          "angle": -0.593,
          "speed": 0.901,
          "is_prefab": true
        },
        {
          "type": "wheeled_car",
          "x": 1297.262,
          "y": 167.93,
          "angle": -0.404,
          "speed": 0.81,
          "is_prefab": true
        },
        {
          "type": "wheeled_car",
          "x": 1556.341,
          "y": 91.906,
          "angle": 0.004,
          "speed": 0.031,
          "is_prefab": true
        }
      ]
    },
    {
      "time": 12.817,
      "vehicles": [
        {
          "type": "freight_truck",
          "x": -114.064,
          "y": 623.267,
          "angle": -0.054,
          "speed": 0.433,
          "is_prefab": true
        },
        {
          "type": "coach_bus",
          "x": 540.927,
          "y": 498.398,
          "angle": -0.583,
          "speed": 0.901,
          "is_prefab": true
        },
        {
          "type": "wheeled_car",
          "x": 1326.043,
          "y": 155.374,
          "angle": -0.403,
          "speed": 0.599,
          "is_prefab": true
        },
        {
          "type": "wheeled_car",
          "x": 1556.338,
          "y": 92.003,
          "angle": 0.001,
          "speed": 0.006,
          "is_prefab": true
        }
      ]
    },
    {
      "time": 13.017,
      "vehicles": [
        {
          "type": "freight_truck",
          "x": -88.314,
          "y": 645.996,
          "angle": -0.099,
          "speed": 0.91,
          "is_prefab": true
        },
        {
          "type": "coach_bus",
          "x": 577.31,
          "y": 476.204,
          "angle": -0.557,
          "speed": 0.969,
          "is_prefab": true
        },
        {
          "type": "wheeled_car",
          "x": 1339.669,
          "y": 149.609,
          "angle": -0.404,
          "speed": 0.459,
          "is_prefab": true
        }
      ]
    },
    {
      "time": 13.217,
      "vehicles": [
        {
          "type": "freight_truck",
          "x": -49.239,
          "y": 673.714,
          "angle": 0.011,
          "speed": 1.058,
          "is_prefab": true
        },
        {
          "type": "coach_bus",
          "x": 614.515,
          "y": 458.688,
          "angle": -0.506,
          "speed": 0.83,
          "is_prefab": true
        },
        {
          "type": "wheeled_car",
          "x": 1386.611,
          "y": 129.307,
          "angle": -0.401,
          "speed": 1.201,
          "is_prefab": true
        }
      ]
    },
    {
      "time": 13.417,
      "vehicles": [
        {
          "type": "freight_truck",
          "x": -9.147,
          "y": 695.797,
          "angle": 0.176,
          "speed": 1.241,
          "is_prefab": true
        },
        {
          "type": "coach_bus",
          "x": 653.654,
          "y": 437.343,
          "angle": -0.462,
          "speed": 0.958,
          "is_prefab": true
        },
        {
          "type": "wheeled_car",
          "x": 1439.251,
          "y": 106.908,
          "angle": -0.402,
          "speed": 1.187,
          "is_prefab": true
        }
      ]
    },
    {
      "time": 13.617,
      "vehicles": [
        {
          "type": "freight_truck",
          "x": 28.436,
          "y": 696.289,
          "angle": 0.168,
          "speed": 1.32,
          "is_prefab": true
        },
        {
          "type": "coach_bus",
          "x": 693.883,
          "y": 416.533,
          "angle": -0.423,
          "speed": 0.96,
          "is_prefab": true
        },
        {
          "type": "wheeled_car",
          "x": 1496.216,
          "y": 88.005,
          "angle": -0.255,
          "speed": 1.322,
          "is_prefab": true
        }
      ]
    },
    {
      "time": 13.817,
      "vehicles": [
        {
          "type": "freight_truck",
          "x": 59.207,
          "y": 708.634,
          "angle": -0.005,
          "speed": 1.397,
          "is_prefab": true
        },
        {
          "type": "coach_bus",
          "x": 732.836,
          "y": 399.647,
          "angle": -0.426,
          "speed": 0.918,
          "is_prefab": true
        },
        {
          "type": "wheeled_car",
          "x": 1552.64,
          "y": 91.65,
          "angle": 0.012,
          "speed": 0.382,
          "is_prefab": true
        }
      ]
    },
    {
      "time": 14.017,
      "vehicles": [
        {
          "type": "freight_truck",
          "x": 92.899,
          "y": 703.323,
          "angle": -0.083,
          "speed": 1.716,
          "is_prefab": true
        },
        {
          "type": "coach_bus",
          "x": 773.206,
          "y": 380.481,
          "angle": -0.42,
          "speed": 0.941,
          "is_prefab": true
        },
        {
          "type": "wheeled_car",
          "x": 1553.84,
          "y": 92.003,
          "angle": 0.001,
          "speed": 0.006,
          "is_prefab": true
        }
      ]
    },
    {
      "time": 14.217,
      "vehicles": [
        {
          "type": "freight_truck",
          "x": 133.416,
          "y": 707.426,
          "angle": 0.034,
          "speed": 1.749,
          "is_prefab": true
        },
        {
          "type": "coach_bus",
          "x": 814.071,
          "y": 361.931,
          "angle": -0.414,
          "speed": 0.943,
          "is_prefab": true
        },
        {
          "type": "wheeled_car",
          "x": 1553.906,
          "y": 92.006,
          "angle": 0.001,
          "speed": 0.001,
          "is_prefab": true
        }
      ]
    },
    {
      "time": 14.417,
      "vehicles": [
        {
          "type": "freight_truck",
          "x": 160.738,
          "y": 703.344,
          "angle": -0.004,
          "speed": 1.023,
          "is_prefab": true
        },
        {
          "type": "coach_bus",
          "x": 855.138,
          "y": 343.501,
          "angle": -0.409,
          "speed": 0.953,
          "is_prefab": true
        },
        {
          "type": "wheeled_car",
          "x": 1553.974,
          "y": 91.999,
          "angle": 0.001,
          "speed": 0.002,
          "is_prefab": true
        }
      ]
    },
    {
      "time": 14.617,
      "vehicles": [
        {
          "type": "freight_truck",
          "x": 187.68,
          "y": 694.653,
          "angle": -0.173,
          "speed": 0.661,
          "is_prefab": true
        },
        {
          "type": "coach_bus",
          "x": 896.299,
          "y": 325.479,
          "angle": -0.407,
          "speed": 0.943,
          "is_prefab": true
        }
      ]
    },
    {
      "time": 14.817,
      "vehicles": [
        {
          "type": "freight_truck",
          "x": 214.206,
          "y": 686.037,
          "angle": -0.296,
          "speed": 0.609,
          "is_prefab": true
        },
        {
          "type": "coach_bus",
          "x": 937.537,
          "y": 307.488,
          "angle": -0.408,
          "speed": 0.954,
          "is_prefab": true
        }
      ]
    },
    {
      "time": 15.017,
      "vehicles": [
        {
          "type": "freight_truck",
          "x": 242.419,
          "y": 678.095,
          "angle": -0.421,
          "speed": 0.619,
          "is_prefab": true
        },
        {
          "type": "coach_bus",
          "x": 978.627,
          "y": 289.908,
          "angle": -0.41,
          "speed": 0.942,
          "is_prefab": true
        }
      ]
    },
    {
      "time": 15.217,
      "vehicles": [
        {
          "type": "freight_truck",
          "x": 270.908,
          "y": 671.216,
          "angle": -0.544,
          "speed": 0.621,
          "is_prefab": true
        },
        {
          "type": "coach_bus",
          "x": 1019.945,
          "y": 271.744,
          "angle": -0.408,
          "speed": 0.952,
          "is_prefab": true
        }
      ]
    },
    {
      "time": 15.417,
      "vehicles": [
        {
          "type": "freight_truck",
          "x": 296.762,
          "y": 656.062,
          "angle": -0.621,
          "speed": 0.775,
          "is_prefab": true
        },
        {
          "type": "coach_bus",
          "x": 1061.496,
          "y": 253.824,
          "angle": -0.407,
          "speed": 0.951,
          "is_prefab": true
        }
      ]
    },
    {
      "time": 15.617,
      "vehicles": [
        {
          "type": "freight_truck",
          "x": 327.13,
          "y": 640.053,
          "angle": -0.586,
          "speed": 0.727,
          "is_prefab": true
        },
        {
          "type": "coach_bus",
          "x": 1103.168,
          "y": 235.929,
          "angle": -0.404,
          "speed": 0.956,
          "is_prefab": true
        }
      ]
    },
    {
      "time": 15.817,
      "vehicles": [
        {
          "type": "freight_truck",
          "x": 354.824,
          "y": 622.009,
          "angle": -0.595,
          "speed": 0.718,
          "is_prefab": true
        },
        {
          "type": "coach_bus",
          "x": 1144.476,
          "y": 217.753,
          "angle": -0.407,
          "speed": 0.953,
          "is_prefab": true
        }
      ]
    },
    {
      "time": 16.017,
      "vehicles": [
        {
          "type": "freight_truck",
          "x": 382.691,
          "y": 602.423,
          "angle": -0.609,
          "speed": 0.727,
          "is_prefab": true
        },
        {
          "type": "coach_bus",
          "x": 1186.003,
          "y": 199.494,
          "angle": -0.408,
          "speed": 0.955,
          "is_prefab": true
        }
      ]
    },
    {
      "time": 16.217,
      "vehicles": [
        {
          "type": "freight_truck",
          "x": 409.56,
          "y": 584.039,
          "angle": -0.621,
          "speed": 0.675,
          "is_prefab": true
        },
        {
          "type": "coach_bus",
          "x": 1227.629,
          "y": 181.201,
          "angle": -0.408,
          "speed": 0.962,
          "is_prefab": true
        }
      ]
    },
    {
      "time": 16.417,
      "vehicles": [
        {
          "type": "freight_truck",
          "x": 436.229,
          "y": 565.994,
          "angle": -0.633,
          "speed": 0.642,
          "is_prefab": true
        },
        {
          "type": "coach_bus",
          "x": 1269.101,
          "y": 163.002,
          "angle": -0.407,
          "speed": 0.961,
          "is_prefab": true
        }
      ]
    },
    {
      "time": 16.617,
      "vehicles": [
        {
          "type": "freight_truck",
          "x": 460.321,
          "y": 549.441,
          "angle": -0.637,
          "speed": 0.642,
          "is_prefab": true
        },
        {
          "type": "coach_bus",
          "x": 1310.913,
          "y": 144.625,
          "angle": -0.405,
          "speed": 0.963,
          "is_prefab": true
        }
      ]
    },
    {
      "time": 16.817,
      "vehicles": [
        {
          "type": "freight_truck",
          "x": 488.07,
          "y": 528.888,
          "angle": -0.621,
          "speed": 0.765,
          "is_prefab": true
        },
        {
          "type": "coach_bus",
          "x": 1352.845,
          "y": 126.334,
          "angle": -0.403,
          "speed": 0.965,
          "is_prefab": true
        }
      ]
    },
    {
      "time": 17.017,
      "vehicles": [
        {
          "type": "freight_truck",
          "x": 517.459,
          "y": 509.597,
          "angle": -0.597,
          "speed": 0.759,
          "is_prefab": true
        },
        {
          "type": "coach_bus",
          "x": 1394.951,
          "y": 108.099,
          "angle": -0.399,
          "speed": 0.973,
          "is_prefab": true
        }
      ]
    },
    {
      "time": 17.217,
      "vehicles": [
        {
          "type": "freight_truck",
          "x": 547.134,
          "y": 491.899,
          "angle": -0.572,
          "speed": 0.692,
          "is_prefab": true
        },
        {
          "type": "coach_bus",
          "x": 1442.22,
          "y": 94.969,
          "angle": -0.307,
          "speed": 1.127,
          "is_prefab": true
        }
      ]
    },
    {
      "time": 17.417,
      "vehicles": [
        {
          "type": "freight_truck",
          "x": 577.77,
          "y": 476.893,
          "angle": -0.535,
          "speed": 0.746,
          "is_prefab": true
        },
        {
          "type": "coach_bus",
          "x": 1492.731,
          "y": 86.574,
          "angle": -0.147,
          "speed": 1.042,
          "is_prefab": true
        }
      ]
    },
    {
      "time": 17.617,
      "vehicles": [
        {
          "type": "freight_truck",
          "x": 610.085,
          "y": 463.78,
          "angle": -0.501,
          "speed": 0.714,
          "is_prefab": true
        },
        {
          "type": "coach_bus",
          "x": 1541.096,
          "y": 77.163,
          "angle": -0.017,
          "speed": 1.028,
          "is_prefab": true
        }
      ]
    },
    {
      "time": 17.817,
      "vehicles": [
        {
          "type": "freight_truck",
          "x": 639.467,
          "y": 449.817,
          "angle": -0.487,
          "speed": 0.693,
          "is_prefab": true
        },
        {
          "type": "coach_bus",
          "x": 1590.083,
          "y": 75.784,
          "angle": -0.006,
          "speed": 0.929,
          "is_prefab": true
        }
      ]
    },
    {
      "time": 18.017,
      "vehicles": [
        {
          "type": "freight_truck",
          "x": 670.002,
          "y": 432.554,
          "angle": -0.477,
          "speed": 0.763,
          "is_prefab": true
        },
        {
          "type": "coach_bus",
          "x": 1601.402,
          "y": 76.004,
          "angle": 0.0,
          "speed": 0.005,
          "is_prefab": true
        }
      ]
    },
    {
      "time": 18.217,
      "vehicles": [
        {
          "type": "freight_truck",
          "x": 700.911,
          "y": 417.052,
          "angle": -0.469,
          "speed": 0.741,
          "is_prefab": true
        },
        {
          "type": "coach_bus",
          "x": 1601.506,
          "y": 76.003,
          "angle": 0.0,
          "speed": 0.005,
          "is_prefab": true
        }
      ]
    },
    {
      "time": 18.417,
      "vehicles": [
        {
          "type": "freight_truck",
          "x": 731.809,
          "y": 401.678,
          "angle": -0.468,
          "speed": 0.759,
          "is_prefab": true
        },
        {
          "type": "coach_bus",
          "x": 1601.609,
          "y": 76.003,
          "angle": 0.0,
          "speed": 0.005,
          "is_prefab": true
        }
      ]
    },
    {
      "time": 18.617,
      "vehicles": [
        {
          "type": "freight_truck",
          "x": 763.36,
          "y": 383.441,
          "angle": -0.449,
          "speed": 0.762,
          "is_prefab": true
        }
      ]
    },
    {
      "time": 18.817,
      "vehicles": [
        {
          "type": "freight_truck",
          "x": 795.521,
          "y": 366.52,
          "angle": -0.437,
          "speed": 0.764,
          "is_prefab": true
        }
      ]
    },
    {
      "time": 19.017,
      "vehicles": [
        {
          "type": "freight_truck",
          "x": 828.311,
          "y": 350.604,
          "angle": -0.424,
          "speed": 0.779,
          "is_prefab": true
        }
      ]
    },
    {
      "time": 19.217,
      "vehicles": [
        {
          "type": "freight_truck",
          "x": 861.325,
          "y": 335.377,
          "angle": -0.416,
          "speed": 0.764,
          "is_prefab": true
        }
      ]
    },
    {
      "time": 19.417,
      "vehicles": [
        {
          "type": "freight_truck",
          "x": 894.374,
          "y": 320.475,
          "angle": -0.414,
          "speed": 0.766,
          "is_prefab": true
        }
      ]
    },
    {
      "time": 19.617,
      "vehicles": [
        {
          "type": "freight_truck",
          "x": 927.581,
          "y": 305.864,
          "angle": -0.413,
          "speed": 0.763,
          "is_prefab": true
        }
      ]
    },
    {
      "time": 19.817,
      "vehicles": [
        {
          "type": "freight_truck",
          "x": 960.947,
          "y": 291.564,
          "angle": -0.415,
          "speed": 0.767,
          "is_prefab": true
        }
      ]
    },
    {
      "time": 20.017,
      "vehicles": [
        {
          "type": "freight_truck",
          "x": 993.807,
          "y": 277.373,
          "angle": -0.414,
          "speed": 0.773,
          "is_prefab": true
        }
      ]
    },
    {
      "time": 20.217,
      "vehicles": [
        {
          "type": "freight_truck",
          "x": 1027.204,
          "y": 262.586,
          "angle": -0.41,
          "speed": 0.779,
          "is_prefab": true
        }
      ]
    },
    {
      "time": 20.417,
      "vehicles": [
        {
          "type": "freight_truck",
          "x": 1060.821,
          "y": 248.073,
          "angle": -0.407,
          "speed": 0.773,
          "is_prefab": true
        }
      ]
    },
    {
      "time": 20.617,
      "vehicles": [
        {
          "type": "freight_truck",
          "x": 1094.454,
          "y": 233.738,
          "angle": -0.403,
          "speed": 0.75,
          "is_prefab": true
        }
      ]
    },
    {
      "time": 20.817,
      "vehicles": [
        {
          "type": "freight_truck",
          "x": 1126.831,
          "y": 220.03,
          "angle": -0.404,
          "speed": 0.766,
          "is_prefab": true
        }
      ]
    },
    {
      "time": 21.017,
      "vehicles": [
        {
          "type": "freight_truck",
          "x": 1160.153,
          "y": 205.272,
          "angle": -0.408,
          "speed": 0.773,
          "is_prefab": true
        }
      ]
    },
    {
      "time": 21.217,
      "vehicles": [
        {
          "type": "freight_truck",
          "x": 1193.576,
          "y": 190.594,
          "angle": -0.413,
          "speed": 0.769,
          "is_prefab": true
        }
      ]
    },
    {
      "time": 21.417,
      "vehicles": [
        {
          "type": "freight_truck",
          "x": 1227.064,
          "y": 175.972,
          "angle": -0.418,
          "speed": 0.775,
          "is_prefab": true
        }
      ]
    },
    {
      "time": 21.617,
      "vehicles": [
        {
          "type": "freight_truck",
          "x": 1260.594,
          "y": 161.328,
          "angle": -0.421,
          "speed": 0.774,
          "is_prefab": true
        }
      ]
    },
    {
      "time": 21.817,
      "vehicles": [
        {
          "type": "freight_truck",
          "x": 1294.01,
          "y": 145.814,
          "angle": -0.418,
          "speed": 0.779,
          "is_prefab": true
        }
      ]
    },
    {
      "time": 22.017,
      "vehicles": [
        {
          "type": "freight_truck",
          "x": 1327.598,
          "y": 130.566,
          "angle": -0.416,
          "speed": 0.78,
          "is_prefab": true
        }
      ]
    },
    {
      "time": 22.217,
      "vehicles": [
        {
          "type": "freight_truck",
          "x": 1361.299,
          "y": 115.424,
          "angle": -0.414,
          "speed": 0.781,
          "is_prefab": true
        }
      ]
    },
    {
      "time": 22.417,
      "vehicles": [
        {
          "type": "freight_truck",
          "x": 1395.499,
          "y": 100.912,
          "angle": -0.408,
          "speed": 0.812,
          "is_prefab": true
        }
      ]
    },
    {
      "time": 22.617,
      "vehicles": [
        {
          "type": "freight_truck",
          "x": 1436.451,
          "y": 92.455,
          "angle": -0.29,
          "speed": 0.863,
          "is_prefab": true
        }
      ]
    },
    {
      "time": 22.817,
      "vehicles": [
        {
          "type": "freight_truck",
          "x": 1475.696,
          "y": 84.387,
          "angle": -0.198,
          "speed": 0.824,
          "is_prefab": true
        }
      ]
    },
    {
      "time": 23.017,
      "vehicles": [
        {
          "type": "freight_truck",
          "x": 1514.657,
          "y": 76.319,
          "angle": -0.102,
          "speed": 0.841,
          "is_prefab": true
        }
      ]
    },
    {
      "time": 23.217,
      "vehicles": [
        {
          "type": "freight_truck",
          "x": 1553.442,
          "y": 68.5,
          "angle": -0.006,
          "speed": 0.856,
          "is_prefab": true
        }
      ]
    },
    {
      "time": 23.417,
      "vehicles": [
        {
          "type": "freight_truck",
          "x": 1593.517,
          "y": 67.586,
          "angle": -0.008,
          "speed": 0.832,
          "is_prefab": true
        }
      ]
    },
    {
      "time": 23.617,
      "vehicles": [
        {
          "type": "freight_truck",
          "x": 1614.217,
          "y": 68.037,
          "angle": -0.004,
          "speed": 0.22,
          "is_prefab": true
        }
      ]
    },
    {
      "time": 23.817,
      "vehicles": [
        {
          "type": "freight_truck",
          "x": 1614.26,
          "y": 68.021,
          "angle": -0.003,
          "speed": 0.185,
          "is_prefab": true
        }
      ]
    },
    {
      "time": 24.017,
      "vehicles": [
        {
          "type": "freight_truck",
          "x": 1614.413,
          "y": 68.018,
          "angle": 0.0,
          "speed": 0.027,
          "is_prefab": true
        }
      ]
    },
    {
      "time": 24.217,
      "vehicles": [
        {
          "type": "freight_truck",
          "x": 1614.475,
          "y": 68.003,
          "angle": 0.0,
          "speed": 0.006,
          "is_prefab": true
        }
      ]
    }
  ]
}